Using pre-set license
Built from '2021.3/staging' branch; Version is '2021.3.22f1 (b6c551784ba3) revision 11978065'; Using compiler version '192829333'; Build Type 'Release'
OS: 'Windows 11  (10.0.22621) 64bit Core' Language: 'ko' Physical Memory: 32694 MB
BatchMode: 1, IsHumanControllingUs: 0, StartBugReporterOnCrash: 0, Is64bit: 1, IsPro: 1

COMMAND LINE ARGUMENTS:
C:\Program Files\Unity\Hub\Editor\2021.3.22f1\Editor\Unity.exe
-adb2
-batchMode
-noUpm
-name
AssetImportWorker1
-projectPath
C:/Users/PC/Documents/GitHub/RougeOut/Rouge out_Player
-logFile
Logs/AssetImportWorker1.log
-srvPort
52784
Successfully changed project path to: C:/Users/PC/Documents/GitHub/RougeOut/Rouge out_Player
C:/Users/PC/Documents/GitHub/RougeOut/Rouge out_Player
[UnityMemory] Configuration Parameters - Can be set up in boot.config
    "memorysetup-bucket-allocator-granularity=16"
    "memorysetup-bucket-allocator-bucket-count=8"
    "memorysetup-bucket-allocator-block-size=33554432"
    "memorysetup-bucket-allocator-block-count=8"
    "memorysetup-main-allocator-block-size=16777216"
    "memorysetup-thread-allocator-block-size=16777216"
    "memorysetup-gfx-main-allocator-block-size=16777216"
    "memorysetup-gfx-thread-allocator-block-size=16777216"
    "memorysetup-cache-allocator-block-size=4194304"
    "memorysetup-typetree-allocator-block-size=2097152"
    "memorysetup-profiler-bucket-allocator-granularity=16"
    "memorysetup-profiler-bucket-allocator-bucket-count=8"
    "memorysetup-profiler-bucket-allocator-block-size=33554432"
    "memorysetup-profiler-bucket-allocator-block-count=8"
    "memorysetup-profiler-allocator-block-size=16777216"
    "memorysetup-profiler-editor-allocator-block-size=1048576"
    "memorysetup-temp-allocator-size-main=16777216"
    "memorysetup-job-temp-allocator-block-size=2097152"
    "memorysetup-job-temp-allocator-block-size-background=1048576"
    "memorysetup-job-temp-allocator-reduction-small-platforms=262144"
    "memorysetup-temp-allocator-size-background-worker=32768"
    "memorysetup-temp-allocator-size-job-worker=262144"
    "memorysetup-temp-allocator-size-preload-manager=33554432"
    "memorysetup-temp-allocator-size-nav-mesh-worker=65536"
    "memorysetup-temp-allocator-size-audio-worker=65536"
    "memorysetup-temp-allocator-size-cloud-worker=32768"
    "memorysetup-temp-allocator-size-gi-baking-worker=262144"
    "memorysetup-temp-allocator-size-gfx=262144"
Player connection [4016] Host "[IP] 192.168.0.14 [Port] 0 [Flags] 2 [Guid] 651419565 [EditorId] 651419565 [Version] 1048832 [Id] WindowsEditor(7,DESKTOP-U0DGVGN) [Debug] 1 [PackageName] WindowsEditor [ProjectName] Editor" joined multi-casting on [225.0.0.222:54997]...

Player connection [4016] Host "[IP] 192.168.0.14 [Port] 0 [Flags] 2 [Guid] 651419565 [EditorId] 651419565 [Version] 1048832 [Id] WindowsEditor(7,DESKTOP-U0DGVGN) [Debug] 1 [PackageName] WindowsEditor [ProjectName] Editor" joined alternative multi-casting on [225.0.0.222:34997]...

Refreshing native plugins compatible for Editor in 64.62 ms, found 4 plugins.
Preloading 0 native plugins for Editor in 0.00 ms.
Initialize engine version: 2021.3.22f1 (b6c551784ba3)
[Subsystems] Discovering subsystems at path C:/Program Files/Unity/Hub/Editor/2021.3.22f1/Editor/Data/Resources/UnitySubsystems
[Subsystems] Discovering subsystems at path C:/Users/PC/Documents/GitHub/RougeOut/Rouge out_Player/Assets
GfxDevice: creating device client; threaded=0; jobified=0
Direct3D:
    Version:  Direct3D 11.0 [level 11.1]
    Renderer: NVIDIA GeForce RTX 3060 (ID=0x2504)
    Vendor:   NVIDIA
    VRAM:     12142 MB
    Driver:   31.0.15.1693
Initialize mono
Mono path[0] = 'C:/Program Files/Unity/Hub/Editor/2021.3.22f1/Editor/Data/Managed'
Mono path[1] = 'C:/Program Files/Unity/Hub/Editor/2021.3.22f1/Editor/Data/MonoBleedingEdge/lib/mono/unityjit-win32'
Mono config path = 'C:/Program Files/Unity/Hub/Editor/2021.3.22f1/Editor/Data/MonoBleedingEdge/etc'
Using monoOptions --debugger-agent=transport=dt_socket,embedding=1,server=y,suspend=n,address=127.0.0.1:56624
Begin MonoManager ReloadAssembly
Registering precompiled unity dll's ...
Register platform support module: C:/Program Files/Unity/Hub/Editor/2021.3.22f1/Editor/Data/PlaybackEngines/WindowsStandaloneSupport/UnityEditor.WindowsStandalone.Extensions.dll
Registered in 0.003887 seconds.
Native extension for WindowsStandalone target not found
Refreshing native plugins compatible for Editor in 64.99 ms, found 4 plugins.
Preloading 0 native plugins for Editor in 0.00 ms.
Mono: successfully reloaded assembly
- Completed reload, in  0.493 seconds
Domain Reload Profiling:
	ReloadAssembly (494ms)
		BeginReloadAssembly (75ms)
			ExecutionOrderSort (0ms)
			DisableScriptedObjects (0ms)
			BackupInstance (0ms)
			ReleaseScriptingObjects (0ms)
			CreateAndSetChildDomain (1ms)
		EndReloadAssembly (348ms)
			LoadAssemblies (73ms)
			RebuildTransferFunctionScriptingTraits (0ms)
			SetupTypeCache (83ms)
			ReleaseScriptCaches (0ms)
			RebuildScriptCaches (19ms)
			SetupLoadedEditorAssemblies (209ms)
				LogAssemblyErrors (0ms)
				InitializePlatformSupportModulesInManaged (5ms)
				SetLoadedEditorAssemblies (0ms)
				RefreshPlugins (65ms)
				BeforeProcessingInitializeOnLoad (1ms)
				ProcessInitializeOnLoadAttributes (92ms)
				ProcessInitializeOnLoadMethodAttributes (46ms)
				AfterProcessingInitializeOnLoad (0ms)
				EditorAssembliesLoaded (0ms)
			ExecutionOrderSort2 (0ms)
			AwakeInstancesAfterBackupRestoration (0ms)
Platform modules already initialized, skipping
Registering precompiled user dll's ...
Registered in 0.010382 seconds.
Begin MonoManager ReloadAssembly
Symbol file LoadedFromMemory doesn't match image C:\Users\PC\Documents\GitHub\RougeOut\Rouge out_Player\Library\PackageCache\com.unity.visualscripting@1.8.0\Editor\VisualScripting.Core\Dependencies\YamlDotNet\Unity.VisualScripting.YamlDotNet.dll
Symbol file LoadedFromMemory doesn't match image C:\Users\PC\Documents\GitHub\RougeOut\Rouge out_Player\Library\PackageCache\com.unity.visualscripting@1.8.0\Editor\VisualScripting.Core\Dependencies\DotNetZip\Unity.VisualScripting.IonicZip.dll
Native extension for WindowsStandalone target not found
Refreshing native plugins compatible for Editor in 61.12 ms, found 4 plugins.
Preloading 0 native plugins for Editor in 0.00 ms.
Mono: successfully reloaded assembly
- Completed reload, in  1.217 seconds
Domain Reload Profiling:
	ReloadAssembly (1218ms)
		BeginReloadAssembly (110ms)
			ExecutionOrderSort (0ms)
			DisableScriptedObjects (5ms)
			BackupInstance (0ms)
			ReleaseScriptingObjects (0ms)
			CreateAndSetChildDomain (16ms)
		EndReloadAssembly (1024ms)
			LoadAssemblies (97ms)
			RebuildTransferFunctionScriptingTraits (0ms)
			SetupTypeCache (358ms)
			ReleaseScriptCaches (1ms)
			RebuildScriptCaches (57ms)
			SetupLoadedEditorAssemblies (463ms)
				LogAssemblyErrors (0ms)
				InitializePlatformSupportModulesInManaged (4ms)
				SetLoadedEditorAssemblies (0ms)
				RefreshPlugins (61ms)
				BeforeProcessingInitializeOnLoad (75ms)
				ProcessInitializeOnLoadAttributes (282ms)
				ProcessInitializeOnLoadMethodAttributes (32ms)
				AfterProcessingInitializeOnLoad (9ms)
				EditorAssembliesLoaded (0ms)
			ExecutionOrderSort2 (0ms)
			AwakeInstancesAfterBackupRestoration (11ms)
Platform modules already initialized, skipping
========================================================================
Worker process is ready to serve import requests
Launched and connected shader compiler UnityShaderCompiler.exe after 0.08 seconds
Refreshing native plugins compatible for Editor in 0.84 ms, found 4 plugins.
Preloading 0 native plugins for Editor in 0.00 ms.
Unloading 3814 Unused Serialized files (Serialized files now loaded: 0)
Unloading 46 unused Assets / (56.1 KB). Loaded Objects now: 4264.
Memory consumption went from 146.9 MB to 146.9 MB.
Total: 6.251200 ms (FindLiveObjects: 0.491200 ms CreateObjectMapping: 0.839000 ms MarkObjects: 4.793300 ms  DeleteObjects: 0.122500 ms)

AssetImportParameters requested are different than current active one (requested -> active):
  custom:video-decoder-ogg-theora: a1e56fd34408186e4bbccfd4996cb3dc -> 
  custom:container-muxer-webm: aa71ff27fc2769a1b78a27578f13a17b -> 
  custom:container-demuxer-webm: 4f35f7cbe854078d1ac9338744f61a02 -> 
  custom:video-encoder-webm-vp8: eb34c28f22e8b96e1ab97ce403110664 -> 
  custom:audio-encoder-webm-vorbis: bf7c407c2cedff20999df2af8eb42d56 -> 
  custom:framework-win-MediaFoundation: 216162199b28c13a410421893ffa2e32 -> 
  custom:container-demuxer-ogg: 62fdf1f143b41e24485cea50d1cbac27 -> 
  custom:video-decoder-webm-vp8: 9c59270c3fd7afecdb556c50c9e8de78 -> 
  custom:audio-decoder-ogg-vorbis: bf7c407c2cedff20999df2af8eb42d56 -> 
========================================================================
Received Import Request.
  Time since last request: 2523464.502219 seconds.
  path: Assets/Palettes/Wood_Planks_A_Basecolor.png
  artifactKey: Guid(d261643fc0757ea4b8564ff4de6488c1) Importer(815301076,1909f56bfc062723c751e8b465ee728b)
Start importing Assets/Palettes/Wood_Planks_A_Basecolor.png using Guid(d261643fc0757ea4b8564ff4de6488c1) Importer(815301076,1909f56bfc062723c751e8b465ee728b)  -> (artifact id: 'b2149f2c29504fa275192335664247ae') in 0.276857 seconds 
========================================================================
Received Import Request.
  Time since last request: 0.000020 seconds.
  path: Assets/Palettes/crate-stack.png
  artifactKey: Guid(a3570b7b14db6134aa70811ede024a52) Importer(815301076,1909f56bfc062723c751e8b465ee728b)
Start importing Assets/Palettes/crate-stack.png using Guid(a3570b7b14db6134aa70811ede024a52) Importer(815301076,1909f56bfc062723c751e8b465ee728b)  -> (artifact id: 'f73c96b8918b108fb593c48786a29db8') in 0.016512 seconds 
========================================================================
Received Import Request.
  Time since last request: 0.000023 seconds.
  path: Assets/Palettes/UnderRoof_SquareTile_Bump_Basecolor_A.asset
  artifactKey: Guid(e90e63d4861a3ea479d88915db10ed83) Importer(815301076,1909f56bfc062723c751e8b465ee728b)
Start importing Assets/Palettes/UnderRoof_SquareTile_Bump_Basecolor_A.asset using Guid(e90e63d4861a3ea479d88915db10ed83) Importer(815301076,1909f56bfc062723c751e8b465ee728b)  -> (artifact id: '79fda133ebb010e57ec508cd200fb706') in 0.017826 seconds 
========================================================================
Received Import Request.
  Time since last request: 0.000014 seconds.
  path: Assets/Palettes/UnderRoof_SquareTile_Flat_Height.asset
  artifactKey: Guid(820df7b215880ba48a2e4a00f10fa066) Importer(815301076,1909f56bfc062723c751e8b465ee728b)
Start importing Assets/Palettes/UnderRoof_SquareTile_Flat_Height.asset using Guid(820df7b215880ba48a2e4a00f10fa066) Importer(815301076,1909f56bfc062723c751e8b465ee728b)  -> (artifact id: '9a50940741bf85133e75fbd7c3c6ca95') in 0.009653 seconds 
========================================================================
Received Import Request.
  Time since last request: 0.000015 seconds.
  path: Assets/Palettes/Rock_Volcanic_A_Basecolor.asset
  artifactKey: Guid(2d2192d698d1fbe4eb4c348d30f3a1ed) Importer(815301076,1909f56bfc062723c751e8b465ee728b)
Start importing Assets/Palettes/Rock_Volcanic_A_Basecolor.asset using Guid(2d2192d698d1fbe4eb4c348d30f3a1ed) Importer(815301076,1909f56bfc062723c751e8b465ee728b)  -> (artifact id: '8a495d23f6d71b07dad3b9da7a31a28e') in 0.009213 seconds 
========================================================================
Received Import Request.
  Time since last request: 0.000014 seconds.
  path: Assets/Palettes/house-c.png
  artifactKey: Guid(aa70b9626c8895742afb8f4cfb1c5e8a) Importer(815301076,1909f56bfc062723c751e8b465ee728b)
Start importing Assets/Palettes/house-c.png using Guid(aa70b9626c8895742afb8f4cfb1c5e8a) Importer(815301076,1909f56bfc062723c751e8b465ee728b)  -> (artifact id: 'f052775547767f39ade141591bf8c77c') in 0.011622 seconds 
========================================================================
Received Import Request.
  Time since last request: 0.000014 seconds.
  path: Assets/Palettes/background3.asset
  artifactKey: Guid(6dd0a9ff328955b4c955a5e09d3e70ac) Importer(815301076,1909f56bfc062723c751e8b465ee728b)
Start importing Assets/Palettes/background3.asset using Guid(6dd0a9ff328955b4c955a5e09d3e70ac) Importer(815301076,1909f56bfc062723c751e8b465ee728b)  -> (artifact id: 'e892dfd2a82daadeba79ee8bf1a2bff8') in 0.011085 seconds 
========================================================================
Received Import Request.
  Time since last request: 0.000016 seconds.
  path: Assets/Palettes/Roof_SquareTile_Bump_Basecolor_A.png
  artifactKey: Guid(801ead12ddbfa754897d8d87d2cce452) Importer(815301076,1909f56bfc062723c751e8b465ee728b)
Start importing Assets/Palettes/Roof_SquareTile_Bump_Basecolor_A.png using Guid(801ead12ddbfa754897d8d87d2cce452) Importer(815301076,1909f56bfc062723c751e8b465ee728b)  -> (artifact id: '6d545186ca554d060fdb710f5970e24d') in 0.218938 seconds 
========================================================================
Received Import Request.
  Time since last request: 0.000017 seconds.
  path: Assets/Palettes/Roof_SquareTile_Flat_Basecolor_A.png
  artifactKey: Guid(b62977b0d53cede4a9fc0e5e1a148d31) Importer(815301076,1909f56bfc062723c751e8b465ee728b)
Start importing Assets/Palettes/Roof_SquareTile_Flat_Basecolor_A.png using Guid(b62977b0d53cede4a9fc0e5e1a148d31) Importer(815301076,1909f56bfc062723c751e8b465ee728b)  -> (artifact id: 'e644f9cb7f49faa94e26d6feed6c8f67') in 0.207324 seconds 
