Using pre-set license
Built from '2021.3/staging' branch; Version is '2021.3.22f1 (b6c551784ba3) revision 11978065'; Using compiler version '192829333'; Build Type 'Release'
OS: 'Windows 11  (10.0.22621) 64bit Core' Language: 'ko' Physical Memory: 32694 MB
BatchMode: 1, IsHumanControllingUs: 0, StartBugReporterOnCrash: 0, Is64bit: 1, IsPro: 1

COMMAND LINE ARGUMENTS:
C:\Program Files\Unity\Hub\Editor\2021.3.22f1\Editor\Unity.exe
-adb2
-batchMode
-noUpm
-name
AssetImportWorker2
-projectPath
C:/Users/PC/Documents/GitHub/RougeOut/Rouge out_Player
-logFile
Logs/AssetImportWorker2.log
-srvPort
52784
Successfully changed project path to: C:/Users/PC/Documents/GitHub/RougeOut/Rouge out_Player
C:/Users/PC/Documents/GitHub/RougeOut/Rouge out_Player
[UnityMemory] Configuration Parameters - Can be set up in boot.config
    "memorysetup-bucket-allocator-granularity=16"
    "memorysetup-bucket-allocator-bucket-count=8"
    "memorysetup-bucket-allocator-block-size=33554432"
    "memorysetup-bucket-allocator-block-count=8"
    "memorysetup-main-allocator-block-size=16777216"
    "memorysetup-thread-allocator-block-size=16777216"
    "memorysetup-gfx-main-allocator-block-size=16777216"
    "memorysetup-gfx-thread-allocator-block-size=16777216"
    "memorysetup-cache-allocator-block-size=4194304"
    "memorysetup-typetree-allocator-block-size=2097152"
    "memorysetup-profiler-bucket-allocator-granularity=16"
    "memorysetup-profiler-bucket-allocator-bucket-count=8"
    "memorysetup-profiler-bucket-allocator-block-size=33554432"
    "memorysetup-profiler-bucket-allocator-block-count=8"
    "memorysetup-profiler-allocator-block-size=16777216"
    "memorysetup-profiler-editor-allocator-block-size=1048576"
    "memorysetup-temp-allocator-size-main=16777216"
    "memorysetup-job-temp-allocator-block-size=2097152"
    "memorysetup-job-temp-allocator-block-size-background=1048576"
    "memorysetup-job-temp-allocator-reduction-small-platforms=262144"
    "memorysetup-temp-allocator-size-background-worker=32768"
    "memorysetup-temp-allocator-size-job-worker=262144"
    "memorysetup-temp-allocator-size-preload-manager=33554432"
    "memorysetup-temp-allocator-size-nav-mesh-worker=65536"
    "memorysetup-temp-allocator-size-audio-worker=65536"
    "memorysetup-temp-allocator-size-cloud-worker=32768"
    "memorysetup-temp-allocator-size-gi-baking-worker=262144"
    "memorysetup-temp-allocator-size-gfx=262144"
Player connection [13896] Host "[IP] 192.168.0.14 [Port] 0 [Flags] 2 [Guid] 1365793232 [EditorId] 1365793232 [Version] 1048832 [Id] WindowsEditor(7,DESKTOP-U0DGVGN) [Debug] 1 [PackageName] WindowsEditor [ProjectName] Editor" joined multi-casting on [225.0.0.222:54997]...

Player connection [13896] Host "[IP] 192.168.0.14 [Port] 0 [Flags] 2 [Guid] 1365793232 [EditorId] 1365793232 [Version] 1048832 [Id] WindowsEditor(7,DESKTOP-U0DGVGN) [Debug] 1 [PackageName] WindowsEditor [ProjectName] Editor" joined alternative multi-casting on [225.0.0.222:34997]...

Refreshing native plugins compatible for Editor in 64.70 ms, found 4 plugins.
Preloading 0 native plugins for Editor in 0.00 ms.
Initialize engine version: 2021.3.22f1 (b6c551784ba3)
[Subsystems] Discovering subsystems at path C:/Program Files/Unity/Hub/Editor/2021.3.22f1/Editor/Data/Resources/UnitySubsystems
[Subsystems] Discovering subsystems at path C:/Users/PC/Documents/GitHub/RougeOut/Rouge out_Player/Assets
GfxDevice: creating device client; threaded=0; jobified=0
Direct3D:
    Version:  Direct3D 11.0 [level 11.1]
    Renderer: NVIDIA GeForce RTX 3060 (ID=0x2504)
    Vendor:   NVIDIA
    VRAM:     12142 MB
    Driver:   31.0.15.1693
Initialize mono
Mono path[0] = 'C:/Program Files/Unity/Hub/Editor/2021.3.22f1/Editor/Data/Managed'
Mono path[1] = 'C:/Program Files/Unity/Hub/Editor/2021.3.22f1/Editor/Data/MonoBleedingEdge/lib/mono/unityjit-win32'
Mono config path = 'C:/Program Files/Unity/Hub/Editor/2021.3.22f1/Editor/Data/MonoBleedingEdge/etc'
Using monoOptions --debugger-agent=transport=dt_socket,embedding=1,server=y,suspend=n,address=127.0.0.1:56920
Begin MonoManager ReloadAssembly
Registering precompiled unity dll's ...
Register platform support module: C:/Program Files/Unity/Hub/Editor/2021.3.22f1/Editor/Data/PlaybackEngines/WindowsStandaloneSupport/UnityEditor.WindowsStandalone.Extensions.dll
Registered in 0.003973 seconds.
Native extension for WindowsStandalone target not found
Refreshing native plugins compatible for Editor in 73.61 ms, found 4 plugins.
Preloading 0 native plugins for Editor in 0.00 ms.
Mono: successfully reloaded assembly
- Completed reload, in  0.500 seconds
Domain Reload Profiling:
	ReloadAssembly (500ms)
		BeginReloadAssembly (75ms)
			ExecutionOrderSort (0ms)
			DisableScriptedObjects (0ms)
			BackupInstance (0ms)
			ReleaseScriptingObjects (0ms)
			CreateAndSetChildDomain (1ms)
		EndReloadAssembly (355ms)
			LoadAssemblies (73ms)
			RebuildTransferFunctionScriptingTraits (0ms)
			SetupTypeCache (83ms)
			ReleaseScriptCaches (0ms)
			RebuildScriptCaches (19ms)
			SetupLoadedEditorAssemblies (215ms)
				LogAssemblyErrors (0ms)
				InitializePlatformSupportModulesInManaged (7ms)
				SetLoadedEditorAssemblies (0ms)
				RefreshPlugins (74ms)
				BeforeProcessingInitializeOnLoad (1ms)
				ProcessInitializeOnLoadAttributes (89ms)
				ProcessInitializeOnLoadMethodAttributes (44ms)
				AfterProcessingInitializeOnLoad (0ms)
				EditorAssembliesLoaded (0ms)
			ExecutionOrderSort2 (0ms)
			AwakeInstancesAfterBackupRestoration (0ms)
Platform modules already initialized, skipping
Registering precompiled user dll's ...
Registered in 0.009721 seconds.
Begin MonoManager ReloadAssembly
Symbol file LoadedFromMemory doesn't match image C:\Users\PC\Documents\GitHub\RougeOut\Rouge out_Player\Library\PackageCache\com.unity.visualscripting@1.8.0\Editor\VisualScripting.Core\Dependencies\YamlDotNet\Unity.VisualScripting.YamlDotNet.dll
Symbol file LoadedFromMemory doesn't match image C:\Users\PC\Documents\GitHub\RougeOut\Rouge out_Player\Library\PackageCache\com.unity.visualscripting@1.8.0\Editor\VisualScripting.Core\Dependencies\DotNetZip\Unity.VisualScripting.IonicZip.dll
Native extension for WindowsStandalone target not found
Refreshing native plugins compatible for Editor in 59.26 ms, found 4 plugins.
Preloading 0 native plugins for Editor in 0.00 ms.
Mono: successfully reloaded assembly
- Completed reload, in  1.226 seconds
Domain Reload Profiling:
	ReloadAssembly (1226ms)
		BeginReloadAssembly (110ms)
			ExecutionOrderSort (0ms)
			DisableScriptedObjects (5ms)
			BackupInstance (0ms)
			ReleaseScriptingObjects (0ms)
			CreateAndSetChildDomain (16ms)
		EndReloadAssembly (1031ms)
			LoadAssemblies (102ms)
			RebuildTransferFunctionScriptingTraits (0ms)
			SetupTypeCache (364ms)
			ReleaseScriptCaches (1ms)
			RebuildScriptCaches (53ms)
			SetupLoadedEditorAssemblies (467ms)
				LogAssemblyErrors (0ms)
				InitializePlatformSupportModulesInManaged (3ms)
				SetLoadedEditorAssemblies (0ms)
				RefreshPlugins (59ms)
				BeforeProcessingInitializeOnLoad (83ms)
				ProcessInitializeOnLoadAttributes (286ms)
				ProcessInitializeOnLoadMethodAttributes (31ms)
				AfterProcessingInitializeOnLoad (5ms)
				EditorAssembliesLoaded (0ms)
			ExecutionOrderSort2 (0ms)
			AwakeInstancesAfterBackupRestoration (10ms)
Platform modules already initialized, skipping
========================================================================
Worker process is ready to serve import requests
Launched and connected shader compiler UnityShaderCompiler.exe after 0.08 seconds
Refreshing native plugins compatible for Editor in 2.62 ms, found 4 plugins.
Preloading 0 native plugins for Editor in 0.00 ms.
Unloading 3814 Unused Serialized files (Serialized files now loaded: 0)
Unloading 46 unused Assets / (56.1 KB). Loaded Objects now: 4264.
Memory consumption went from 146.9 MB to 146.9 MB.
Total: 2.865500 ms (FindLiveObjects: 0.273400 ms CreateObjectMapping: 0.092300 ms MarkObjects: 2.428100 ms  DeleteObjects: 0.070700 ms)

AssetImportParameters requested are different than current active one (requested -> active):
  custom:video-decoder-ogg-theora: a1e56fd34408186e4bbccfd4996cb3dc -> 
  custom:container-muxer-webm: aa71ff27fc2769a1b78a27578f13a17b -> 
  custom:container-demuxer-webm: 4f35f7cbe854078d1ac9338744f61a02 -> 
  custom:video-encoder-webm-vp8: eb34c28f22e8b96e1ab97ce403110664 -> 
  custom:audio-encoder-webm-vorbis: bf7c407c2cedff20999df2af8eb42d56 -> 
  custom:framework-win-MediaFoundation: 216162199b28c13a410421893ffa2e32 -> 
  custom:container-demuxer-ogg: 62fdf1f143b41e24485cea50d1cbac27 -> 
  custom:video-decoder-webm-vp8: 9c59270c3fd7afecdb556c50c9e8de78 -> 
  custom:audio-decoder-ogg-vorbis: bf7c407c2cedff20999df2af8eb42d56 -> 
========================================================================
Received Import Request.
  Time since last request: 2523464.510680 seconds.
  path: Assets/Palettes/crate-stack.asset
  artifactKey: Guid(e6ab0f2187aff4a41945799f9081d135) Importer(815301076,1909f56bfc062723c751e8b465ee728b)
Start importing Assets/Palettes/crate-stack.asset using Guid(e6ab0f2187aff4a41945799f9081d135) Importer(815301076,1909f56bfc062723c751e8b465ee728b)  -> (artifact id: 'ca9b632d48c21a64e104d7ea5848f4ab') in 0.057667 seconds 
========================================================================
Received Import Request.
  Time since last request: 0.000017 seconds.
  path: Assets/Palettes/Rock_Volcanic_A_Basecolor.png
  artifactKey: Guid(95cce6e59823cbd4bb3888d80fef263f) Importer(815301076,1909f56bfc062723c751e8b465ee728b)
Start importing Assets/Palettes/Rock_Volcanic_A_Basecolor.png using Guid(95cce6e59823cbd4bb3888d80fef263f) Importer(815301076,1909f56bfc062723c751e8b465ee728b)  -> (artifact id: '69bbe94bf6ba34b036b8d615f1cdfb2c') in 0.270567 seconds 
========================================================================
Received Import Request.
  Time since last request: 0.000023 seconds.
  path: Assets/Palettes/Rocks_Cliff_A_Basecolor_A.asset
  artifactKey: Guid(92102f83709fc1b41a43b12cb42431c6) Importer(815301076,1909f56bfc062723c751e8b465ee728b)
Start importing Assets/Palettes/Rocks_Cliff_A_Basecolor_A.asset using Guid(92102f83709fc1b41a43b12cb42431c6) Importer(815301076,1909f56bfc062723c751e8b465ee728b)  -> (artifact id: '6839858ef557948962d01a032443b348') in 0.010744 seconds 
========================================================================
Received Import Request.
  Time since last request: 0.000021 seconds.
  path: Assets/Palettes/UnderRoof_SquareTile_Flat_Height.png
  artifactKey: Guid(a50875533b049714f9f9f73a9484a3bb) Importer(815301076,1909f56bfc062723c751e8b465ee728b)
Start importing Assets/Palettes/UnderRoof_SquareTile_Flat_Height.png using Guid(a50875533b049714f9f9f73a9484a3bb) Importer(815301076,1909f56bfc062723c751e8b465ee728b)  -> (artifact id: '45c48937042427bc685e1025f592ee13') in 0.191339 seconds 
========================================================================
Received Import Request.
  Time since last request: 0.000013 seconds.
  path: Assets/Palettes/Roof_SquareTile_Bump_Basecolor_A.asset
  artifactKey: Guid(e9675580565700545a234a8f45de167f) Importer(815301076,1909f56bfc062723c751e8b465ee728b)
Start importing Assets/Palettes/Roof_SquareTile_Bump_Basecolor_A.asset using Guid(e9675580565700545a234a8f45de167f) Importer(815301076,1909f56bfc062723c751e8b465ee728b)  -> (artifact id: '3fbef821b1651ec7bd1529ca75654269') in 0.009860 seconds 
========================================================================
Received Import Request.
  Time since last request: 0.000013 seconds.
  path: Assets/Palettes/house-a.png
  artifactKey: Guid(21abe1840c80aa74786496514b90c8fb) Importer(815301076,1909f56bfc062723c751e8b465ee728b)
Start importing Assets/Palettes/house-a.png using Guid(21abe1840c80aa74786496514b90c8fb) Importer(815301076,1909f56bfc062723c751e8b465ee728b)  -> (artifact id: '231c6c5aa1451926d1ccccc764ab7c6c') in 0.012645 seconds 
========================================================================
Received Import Request.
  Time since last request: 0.000018 seconds.
  path: Assets/Palettes/crate.asset
  artifactKey: Guid(a524390b8033d7342aea7622c6c3bcde) Importer(815301076,1909f56bfc062723c751e8b465ee728b)
Start importing Assets/Palettes/crate.asset using Guid(a524390b8033d7342aea7622c6c3bcde) Importer(815301076,1909f56bfc062723c751e8b465ee728b)  -> (artifact id: '70b706dd13c5b946499cd3fa54ee5fa5') in 0.007644 seconds 
========================================================================
Received Import Request.
  Time since last request: 0.000020 seconds.
  path: Assets/Palettes/house-a.asset
  artifactKey: Guid(1f854bbf67545524192f744fb482021e) Importer(815301076,1909f56bfc062723c751e8b465ee728b)
Start importing Assets/Palettes/house-a.asset using Guid(1f854bbf67545524192f744fb482021e) Importer(815301076,1909f56bfc062723c751e8b465ee728b)  -> (artifact id: '7e082f48ea812f543c08b0d08b69dd6b') in 0.008575 seconds 
========================================================================
Received Import Request.
  Time since last request: 0.000014 seconds.
  path: Assets/Palettes/Dirt_Path_Basecolor.asset
  artifactKey: Guid(2f0ae19d2e2e44c409668318a5858a5a) Importer(815301076,1909f56bfc062723c751e8b465ee728b)
Start importing Assets/Palettes/Dirt_Path_Basecolor.asset using Guid(2f0ae19d2e2e44c409668318a5858a5a) Importer(815301076,1909f56bfc062723c751e8b465ee728b)  -> (artifact id: '480b09510e9d59a6ddfa5645d3254ad8') in 0.009695 seconds 
========================================================================
Received Import Request.
  Time since last request: 0.000024 seconds.
  path: Assets/Palettes/Rocks_Cliff_B_Basecolor_A.png
  artifactKey: Guid(c126ed55352fe9b49abd607c5992b8ef) Importer(815301076,1909f56bfc062723c751e8b465ee728b)
Start importing Assets/Palettes/Rocks_Cliff_B_Basecolor_A.png using Guid(c126ed55352fe9b49abd607c5992b8ef) Importer(815301076,1909f56bfc062723c751e8b465ee728b)  -> (artifact id: '82957e5740c3e97e09191a7730624fb7') in 0.181346 seconds 
