Using pre-set license
Built from '2021.3/staging' branch; Version is '2021.3.22f1 (b6c551784ba3) revision 11978065'; Using compiler version '192829333'; Build Type 'Release'
OS: 'Windows 11  (10.0.22621) 64bit Core' Language: 'ko' Physical Memory: 32694 MB
BatchMode: 1, IsHumanControllingUs: 0, StartBugReporterOnCrash: 0, Is64bit: 1, IsPro: 1

COMMAND LINE ARGUMENTS:
C:\Program Files\Unity\Hub\Editor\2021.3.22f1\Editor\Unity.exe
-adb2
-batchMode
-noUpm
-name
AssetImportWorker0
-projectPath
C:/Users/PC/Documents/GitHub/RougeOut/RougeOutMap
-logFile
Logs/AssetImportWorker0.log
-srvPort
63427
Successfully changed project path to: C:/Users/PC/Documents/GitHub/RougeOut/RougeOutMap
C:/Users/PC/Documents/GitHub/RougeOut/RougeOutMap
[UnityMemory] Configuration Parameters - Can be set up in boot.config
    "memorysetup-bucket-allocator-granularity=16"
    "memorysetup-bucket-allocator-bucket-count=8"
    "memorysetup-bucket-allocator-block-size=33554432"
    "memorysetup-bucket-allocator-block-count=8"
    "memorysetup-main-allocator-block-size=16777216"
    "memorysetup-thread-allocator-block-size=16777216"
    "memorysetup-gfx-main-allocator-block-size=16777216"
    "memorysetup-gfx-thread-allocator-block-size=16777216"
    "memorysetup-cache-allocator-block-size=4194304"
    "memorysetup-typetree-allocator-block-size=2097152"
    "memorysetup-profiler-bucket-allocator-granularity=16"
    "memorysetup-profiler-bucket-allocator-bucket-count=8"
    "memorysetup-profiler-bucket-allocator-block-size=33554432"
    "memorysetup-profiler-bucket-allocator-block-count=8"
    "memorysetup-profiler-allocator-block-size=16777216"
    "memorysetup-profiler-editor-allocator-block-size=1048576"
    "memorysetup-temp-allocator-size-main=16777216"
    "memorysetup-job-temp-allocator-block-size=2097152"
    "memorysetup-job-temp-allocator-block-size-background=1048576"
    "memorysetup-job-temp-allocator-reduction-small-platforms=262144"
    "memorysetup-temp-allocator-size-background-worker=32768"
    "memorysetup-temp-allocator-size-job-worker=262144"
    "memorysetup-temp-allocator-size-preload-manager=33554432"
    "memorysetup-temp-allocator-size-nav-mesh-worker=65536"
    "memorysetup-temp-allocator-size-audio-worker=65536"
    "memorysetup-temp-allocator-size-cloud-worker=32768"
    "memorysetup-temp-allocator-size-gi-baking-worker=262144"
    "memorysetup-temp-allocator-size-gfx=262144"
Player connection [13032] Host "[IP] 192.168.0.14 [Port] 0 [Flags] 2 [Guid] 2677766769 [EditorId] 2677766769 [Version] 1048832 [Id] WindowsEditor(7,DESKTOP-U0DGVGN) [Debug] 1 [PackageName] WindowsEditor [ProjectName] Editor" joined multi-casting on [225.0.0.222:54997]...

Player connection [13032] Host "[IP] 192.168.0.14 [Port] 0 [Flags] 2 [Guid] 2677766769 [EditorId] 2677766769 [Version] 1048832 [Id] WindowsEditor(7,DESKTOP-U0DGVGN) [Debug] 1 [PackageName] WindowsEditor [ProjectName] Editor" joined alternative multi-casting on [225.0.0.222:34997]...

Refreshing native plugins compatible for Editor in 65.45 ms, found 4 plugins.
Preloading 0 native plugins for Editor in 0.00 ms.
Initialize engine version: 2021.3.22f1 (b6c551784ba3)
[Subsystems] Discovering subsystems at path C:/Program Files/Unity/Hub/Editor/2021.3.22f1/Editor/Data/Resources/UnitySubsystems
[Subsystems] Discovering subsystems at path C:/Users/PC/Documents/GitHub/RougeOut/RougeOutMap/Assets
GfxDevice: creating device client; threaded=0; jobified=0
Direct3D:
    Version:  Direct3D 11.0 [level 11.1]
    Renderer: NVIDIA GeForce RTX 3060 (ID=0x2504)
    Vendor:   NVIDIA
    VRAM:     12142 MB
    Driver:   31.0.15.1693
Initialize mono
Mono path[0] = 'C:/Program Files/Unity/Hub/Editor/2021.3.22f1/Editor/Data/Managed'
Mono path[1] = 'C:/Program Files/Unity/Hub/Editor/2021.3.22f1/Editor/Data/MonoBleedingEdge/lib/mono/unityjit-win32'
Mono config path = 'C:/Program Files/Unity/Hub/Editor/2021.3.22f1/Editor/Data/MonoBleedingEdge/etc'
Using monoOptions --debugger-agent=transport=dt_socket,embedding=1,server=y,suspend=n,address=127.0.0.1:56088
Begin MonoManager ReloadAssembly
Registering precompiled unity dll's ...
Register platform support module: C:/Program Files/Unity/Hub/Editor/2021.3.22f1/Editor/Data/PlaybackEngines/WindowsStandaloneSupport/UnityEditor.WindowsStandalone.Extensions.dll
Registered in 0.003705 seconds.
Native extension for WindowsStandalone target not found
Refreshing native plugins compatible for Editor in 62.12 ms, found 4 plugins.
Preloading 0 native plugins for Editor in 0.00 ms.
Mono: successfully reloaded assembly
- Completed reload, in  0.453 seconds
Domain Reload Profiling:
	ReloadAssembly (454ms)
		BeginReloadAssembly (66ms)
			ExecutionOrderSort (0ms)
			DisableScriptedObjects (0ms)
			BackupInstance (0ms)
			ReleaseScriptingObjects (0ms)
			CreateAndSetChildDomain (1ms)
		EndReloadAssembly (314ms)
			LoadAssemblies (65ms)
			RebuildTransferFunctionScriptingTraits (0ms)
			SetupTypeCache (65ms)
			ReleaseScriptCaches (0ms)
			RebuildScriptCaches (18ms)
			SetupLoadedEditorAssemblies (196ms)
				LogAssemblyErrors (0ms)
				InitializePlatformSupportModulesInManaged (6ms)
				SetLoadedEditorAssemblies (0ms)
				RefreshPlugins (62ms)
				BeforeProcessingInitializeOnLoad (1ms)
				ProcessInitializeOnLoadAttributes (85ms)
				ProcessInitializeOnLoadMethodAttributes (42ms)
				AfterProcessingInitializeOnLoad (0ms)
				EditorAssembliesLoaded (0ms)
			ExecutionOrderSort2 (0ms)
			AwakeInstancesAfterBackupRestoration (0ms)
Platform modules already initialized, skipping
Registering precompiled user dll's ...
Registered in 0.006169 seconds.
Begin MonoManager ReloadAssembly
Symbol file LoadedFromMemory doesn't match image C:\Users\PC\Documents\GitHub\RougeOut\RougeOutMap\Library\PackageCache\com.unity.visualscripting@1.8.0\Editor\VisualScripting.Core\Dependencies\YamlDotNet\Unity.VisualScripting.YamlDotNet.dll
Symbol file LoadedFromMemory doesn't match image C:\Users\PC\Documents\GitHub\RougeOut\RougeOutMap\Library\PackageCache\com.unity.visualscripting@1.8.0\Editor\VisualScripting.Core\Dependencies\DotNetZip\Unity.VisualScripting.IonicZip.dll
Native extension for WindowsStandalone target not found
Refreshing native plugins compatible for Editor in 59.97 ms, found 4 plugins.
Preloading 0 native plugins for Editor in 0.00 ms.
Mono: successfully reloaded assembly
- Completed reload, in  0.807 seconds
Domain Reload Profiling:
	ReloadAssembly (807ms)
		BeginReloadAssembly (92ms)
			ExecutionOrderSort (0ms)
			DisableScriptedObjects (4ms)
			BackupInstance (0ms)
			ReleaseScriptingObjects (0ms)
			CreateAndSetChildDomain (16ms)
		EndReloadAssembly (637ms)
			LoadAssemblies (73ms)
			RebuildTransferFunctionScriptingTraits (0ms)
			SetupTypeCache (162ms)
			ReleaseScriptCaches (1ms)
			RebuildScriptCaches (36ms)
			SetupLoadedEditorAssemblies (340ms)
				LogAssemblyErrors (0ms)
				InitializePlatformSupportModulesInManaged (3ms)
				SetLoadedEditorAssemblies (0ms)
				RefreshPlugins (60ms)
				BeforeProcessingInitializeOnLoad (70ms)
				ProcessInitializeOnLoadAttributes (174ms)
				ProcessInitializeOnLoadMethodAttributes (26ms)
				AfterProcessingInitializeOnLoad (6ms)
				EditorAssembliesLoaded (0ms)
			ExecutionOrderSort2 (0ms)
			AwakeInstancesAfterBackupRestoration (9ms)
Platform modules already initialized, skipping
========================================================================
Worker process is ready to serve import requests
Launched and connected shader compiler UnityShaderCompiler.exe after 0.04 seconds
Refreshing native plugins compatible for Editor in 0.80 ms, found 4 plugins.
Preloading 0 native plugins for Editor in 0.00 ms.
Unloading 3734 Unused Serialized files (Serialized files now loaded: 0)
Unloading 41 unused Assets / (228.9 KB). Loaded Objects now: 4188.
Memory consumption went from 142.7 MB to 142.5 MB.
Total: 2.974900 ms (FindLiveObjects: 0.252600 ms CreateObjectMapping: 0.100000 ms MarkObjects: 2.485400 ms  DeleteObjects: 0.136100 ms)

AssetImportParameters requested are different than current active one (requested -> active):
  custom:video-decoder-ogg-theora: a1e56fd34408186e4bbccfd4996cb3dc -> 
  custom:container-muxer-webm: aa71ff27fc2769a1b78a27578f13a17b -> 
  custom:container-demuxer-webm: 4f35f7cbe854078d1ac9338744f61a02 -> 
  custom:video-encoder-webm-vp8: eb34c28f22e8b96e1ab97ce403110664 -> 
  custom:audio-encoder-webm-vorbis: bf7c407c2cedff20999df2af8eb42d56 -> 
  custom:framework-win-MediaFoundation: 216162199b28c13a410421893ffa2e32 -> 
  custom:container-demuxer-ogg: 62fdf1f143b41e24485cea50d1cbac27 -> 
  custom:video-decoder-webm-vp8: 9c59270c3fd7afecdb556c50c9e8de78 -> 
  custom:audio-decoder-ogg-vorbis: bf7c407c2cedff20999df2af8eb42d56 -> 
========================================================================
Received Import Request.
  Time since last request: 2096371.871811 seconds.
  path: Assets/Scenes
  artifactKey: Guid(131a6b21c8605f84396be9f6751fb6e3) Importer(815301076,1909f56bfc062723c751e8b465ee728b)
Start importing Assets/Scenes using Guid(131a6b21c8605f84396be9f6751fb6e3) Importer(815301076,1909f56bfc062723c751e8b465ee728b)  -> (artifact id: '2c23e514d24f6b65fe96946cd87fc526') in 0.012772 seconds 
========================================================================
Received Import Request.
  Time since last request: 7.731276 seconds.
  path: Assets
  artifactKey: Guid(00000000000000001000000000000000) Importer(815301076,1909f56bfc062723c751e8b465ee728b)
Start importing Assets using Guid(00000000000000001000000000000000) Importer(815301076,1909f56bfc062723c751e8b465ee728b)  -> (artifact id: '79842766b460edbeab6a34051e857a80') in 0.008058 seconds 
========================================================================
Received Import Request.
  Time since last request: 5.120281 seconds.
  path: Assets/Script
  artifactKey: Guid(7747a7c6ec8932747853777019aca06e) Importer(815301076,1909f56bfc062723c751e8b465ee728b)
Start importing Assets/Script using Guid(7747a7c6ec8932747853777019aca06e) Importer(815301076,1909f56bfc062723c751e8b465ee728b)  -> (artifact id: 'c851afb918f207ce44e606e7fb4e19c6') in 0.008990 seconds 
========================================================================
Received Import Request.
  Time since last request: 6.050229 seconds.
  path: Assets/Script/NewBehaviourScript.cs
  artifactKey: Guid(882711fc04ed6424ebafa3288d0989c4) Importer(815301076,1909f56bfc062723c751e8b465ee728b)
Start importing Assets/Script/NewBehaviourScript.cs using Guid(882711fc04ed6424ebafa3288d0989c4) Importer(815301076,1909f56bfc062723c751e8b465ee728b)  -> (artifact id: 'b89c1e102de90e84ad0a0dfffdb278fe') in 0.051160 seconds 
========================================================================
Received Prepare
Registering precompiled user dll's ...
Registered in 0.005964 seconds.
Begin MonoManager ReloadAssembly
Symbol file LoadedFromMemory doesn't match image C:\Users\PC\Documents\GitHub\RougeOut\RougeOutMap\Library\PackageCache\com.unity.visualscripting@1.8.0\Editor\VisualScripting.Core\Dependencies\YamlDotNet\Unity.VisualScripting.YamlDotNet.dll
Symbol file LoadedFromMemory doesn't match image C:\Users\PC\Documents\GitHub\RougeOut\RougeOutMap\Library\PackageCache\com.unity.visualscripting@1.8.0\Editor\VisualScripting.Core\Dependencies\DotNetZip\Unity.VisualScripting.IonicZip.dll
Native extension for WindowsStandalone target not found
Refreshing native plugins compatible for Editor in 0.74 ms, found 4 plugins.
Preloading 0 native plugins for Editor in 0.00 ms.
Mono: successfully reloaded assembly
- Completed reload, in  0.749 seconds
Domain Reload Profiling:
	ReloadAssembly (749ms)
		BeginReloadAssembly (113ms)
			ExecutionOrderSort (0ms)
			DisableScriptedObjects (6ms)
			BackupInstance (0ms)
			ReleaseScriptingObjects (0ms)
			CreateAndSetChildDomain (28ms)
		EndReloadAssembly (563ms)
			LoadAssemblies (76ms)
			RebuildTransferFunctionScriptingTraits (0ms)
			SetupTypeCache (173ms)
			ReleaseScriptCaches (1ms)
			RebuildScriptCaches (35ms)
			SetupLoadedEditorAssemblies (245ms)
				LogAssemblyErrors (0ms)
				InitializePlatformSupportModulesInManaged (5ms)
				SetLoadedEditorAssemblies (0ms)
				RefreshPlugins (1ms)
				BeforeProcessingInitializeOnLoad (59ms)
				ProcessInitializeOnLoadAttributes (150ms)
				ProcessInitializeOnLoadMethodAttributes (24ms)
				AfterProcessingInitializeOnLoad (5ms)
				EditorAssembliesLoaded (0ms)
			ExecutionOrderSort2 (0ms)
			AwakeInstancesAfterBackupRestoration (10ms)
Platform modules already initialized, skipping
Refreshing native plugins compatible for Editor in 1.55 ms, found 4 plugins.
Preloading 0 native plugins for Editor in 0.00 ms.
Unloading 3730 Unused Serialized files (Serialized files now loaded: 0)
Unloading 28 unused Assets / (195.6 KB). Loaded Objects now: 4192.
Memory consumption went from 142.3 MB to 142.1 MB.
Total: 2.490400 ms (FindLiveObjects: 0.219400 ms CreateObjectMapping: 0.082100 ms MarkObjects: 2.094700 ms  DeleteObjects: 0.093800 ms)

AssetImportParameters requested are different than current active one (requested -> active):
  custom:video-decoder-ogg-theora: a1e56fd34408186e4bbccfd4996cb3dc -> 
  custom:container-muxer-webm: aa71ff27fc2769a1b78a27578f13a17b -> 
  custom:container-demuxer-webm: 4f35f7cbe854078d1ac9338744f61a02 -> 
  custom:video-encoder-webm-vp8: eb34c28f22e8b96e1ab97ce403110664 -> 
  custom:audio-encoder-webm-vorbis: bf7c407c2cedff20999df2af8eb42d56 -> 
  custom:framework-win-MediaFoundation: 216162199b28c13a410421893ffa2e32 -> 
  custom:container-demuxer-ogg: 62fdf1f143b41e24485cea50d1cbac27 -> 
  custom:video-decoder-webm-vp8: 9c59270c3fd7afecdb556c50c9e8de78 -> 
  custom:audio-decoder-ogg-vorbis: bf7c407c2cedff20999df2af8eb42d56 -> 
========================================================================
Received Import Request.
  Time since last request: 12.544901 seconds.
  path: Assets/Script/MainCamera.cs
  artifactKey: Guid(882711fc04ed6424ebafa3288d0989c4) Importer(815301076,1909f56bfc062723c751e8b465ee728b)
Start importing Assets/Script/MainCamera.cs using Guid(882711fc04ed6424ebafa3288d0989c4) Importer(815301076,1909f56bfc062723c751e8b465ee728b)  -> (artifact id: '4d21f1eddd5e2d16fbf9375acdbea3e1') in 0.013185 seconds 
========================================================================
Received Prepare
Registering precompiled user dll's ...
Registered in 0.005608 seconds.
Begin MonoManager ReloadAssembly
Symbol file LoadedFromMemory doesn't match image C:\Users\PC\Documents\GitHub\RougeOut\RougeOutMap\Library\PackageCache\com.unity.visualscripting@1.8.0\Editor\VisualScripting.Core\Dependencies\YamlDotNet\Unity.VisualScripting.YamlDotNet.dll
Symbol file LoadedFromMemory doesn't match image C:\Users\PC\Documents\GitHub\RougeOut\RougeOutMap\Library\PackageCache\com.unity.visualscripting@1.8.0\Editor\VisualScripting.Core\Dependencies\DotNetZip\Unity.VisualScripting.IonicZip.dll
Native extension for WindowsStandalone target not found
Refreshing native plugins compatible for Editor in 0.73 ms, found 4 plugins.
Preloading 0 native plugins for Editor in 0.00 ms.
Mono: successfully reloaded assembly
- Completed reload, in  0.738 seconds
Domain Reload Profiling:
	ReloadAssembly (738ms)
		BeginReloadAssembly (116ms)
			ExecutionOrderSort (0ms)
			DisableScriptedObjects (5ms)
			BackupInstance (0ms)
			ReleaseScriptingObjects (0ms)
			CreateAndSetChildDomain (28ms)
		EndReloadAssembly (550ms)
			LoadAssemblies (78ms)
			RebuildTransferFunctionScriptingTraits (0ms)
			SetupTypeCache (160ms)
			ReleaseScriptCaches (1ms)
			RebuildScriptCaches (41ms)
			SetupLoadedEditorAssemblies (239ms)
				LogAssemblyErrors (0ms)
				InitializePlatformSupportModulesInManaged (4ms)
				SetLoadedEditorAssemblies (0ms)
				RefreshPlugins (1ms)
				BeforeProcessingInitializeOnLoad (50ms)
				ProcessInitializeOnLoadAttributes (152ms)
				ProcessInitializeOnLoadMethodAttributes (26ms)
				AfterProcessingInitializeOnLoad (5ms)
				EditorAssembliesLoaded (0ms)
			ExecutionOrderSort2 (0ms)
			AwakeInstancesAfterBackupRestoration (11ms)
Platform modules already initialized, skipping
Refreshing native plugins compatible for Editor in 2.19 ms, found 4 plugins.
Preloading 0 native plugins for Editor in 0.00 ms.
Unloading 3730 Unused Serialized files (Serialized files now loaded: 0)
Unloading 28 unused Assets / (195.4 KB). Loaded Objects now: 4195.
Memory consumption went from 142.3 MB to 142.1 MB.
Total: 3.363100 ms (FindLiveObjects: 0.256000 ms CreateObjectMapping: 0.088600 ms MarkObjects: 2.824300 ms  DeleteObjects: 0.193400 ms)

AssetImportParameters requested are different than current active one (requested -> active):
  custom:video-decoder-ogg-theora: a1e56fd34408186e4bbccfd4996cb3dc -> 
  custom:container-muxer-webm: aa71ff27fc2769a1b78a27578f13a17b -> 
  custom:container-demuxer-webm: 4f35f7cbe854078d1ac9338744f61a02 -> 
  custom:video-encoder-webm-vp8: eb34c28f22e8b96e1ab97ce403110664 -> 
  custom:audio-encoder-webm-vorbis: bf7c407c2cedff20999df2af8eb42d56 -> 
  custom:framework-win-MediaFoundation: 216162199b28c13a410421893ffa2e32 -> 
  custom:container-demuxer-ogg: 62fdf1f143b41e24485cea50d1cbac27 -> 
  custom:video-decoder-webm-vp8: 9c59270c3fd7afecdb556c50c9e8de78 -> 
  custom:audio-decoder-ogg-vorbis: bf7c407c2cedff20999df2af8eb42d56 -> 
========================================================================
Received Prepare
Registering precompiled user dll's ...
Registered in 0.004994 seconds.
Begin MonoManager ReloadAssembly
Symbol file LoadedFromMemory doesn't match image C:\Users\PC\Documents\GitHub\RougeOut\RougeOutMap\Library\PackageCache\com.unity.visualscripting@1.8.0\Editor\VisualScripting.Core\Dependencies\YamlDotNet\Unity.VisualScripting.YamlDotNet.dll
Symbol file LoadedFromMemory doesn't match image C:\Users\PC\Documents\GitHub\RougeOut\RougeOutMap\Library\PackageCache\com.unity.visualscripting@1.8.0\Editor\VisualScripting.Core\Dependencies\DotNetZip\Unity.VisualScripting.IonicZip.dll
Native extension for WindowsStandalone target not found
Refreshing native plugins compatible for Editor in 0.70 ms, found 4 plugins.
Preloading 0 native plugins for Editor in 0.00 ms.
Mono: successfully reloaded assembly
- Completed reload, in  0.654 seconds
Domain Reload Profiling:
	ReloadAssembly (654ms)
		BeginReloadAssembly (107ms)
			ExecutionOrderSort (0ms)
			DisableScriptedObjects (6ms)
			BackupInstance (0ms)
			ReleaseScriptingObjects (0ms)
			CreateAndSetChildDomain (26ms)
		EndReloadAssembly (479ms)
			LoadAssemblies (70ms)
			RebuildTransferFunctionScriptingTraits (0ms)
			SetupTypeCache (142ms)
			ReleaseScriptCaches (1ms)
			RebuildScriptCaches (32ms)
			SetupLoadedEditorAssemblies (212ms)
				LogAssemblyErrors (0ms)
				InitializePlatformSupportModulesInManaged (4ms)
				SetLoadedEditorAssemblies (0ms)
				RefreshPlugins (1ms)
				BeforeProcessingInitializeOnLoad (51ms)
				ProcessInitializeOnLoadAttributes (127ms)
				ProcessInitializeOnLoadMethodAttributes (24ms)
				AfterProcessingInitializeOnLoad (5ms)
				EditorAssembliesLoaded (0ms)
			ExecutionOrderSort2 (0ms)
			AwakeInstancesAfterBackupRestoration (9ms)
Platform modules already initialized, skipping
Refreshing native plugins compatible for Editor in 2.13 ms, found 4 plugins.
Preloading 0 native plugins for Editor in 0.00 ms.
Unloading 3729 Unused Serialized files (Serialized files now loaded: 0)
Unloading 29 unused Assets / (195.6 KB). Loaded Objects now: 4197.
Memory consumption went from 142.3 MB to 142.1 MB.
Total: 2.616100 ms (FindLiveObjects: 0.257900 ms CreateObjectMapping: 0.086500 ms MarkObjects: 2.158200 ms  DeleteObjects: 0.112700 ms)

AssetImportParameters requested are different than current active one (requested -> active):
  custom:video-decoder-ogg-theora: a1e56fd34408186e4bbccfd4996cb3dc -> 
  custom:container-muxer-webm: aa71ff27fc2769a1b78a27578f13a17b -> 
  custom:container-demuxer-webm: 4f35f7cbe854078d1ac9338744f61a02 -> 
  custom:video-encoder-webm-vp8: eb34c28f22e8b96e1ab97ce403110664 -> 
  custom:audio-encoder-webm-vorbis: bf7c407c2cedff20999df2af8eb42d56 -> 
  custom:framework-win-MediaFoundation: 216162199b28c13a410421893ffa2e32 -> 
  custom:container-demuxer-ogg: 62fdf1f143b41e24485cea50d1cbac27 -> 
  custom:video-decoder-webm-vp8: 9c59270c3fd7afecdb556c50c9e8de78 -> 
  custom:audio-decoder-ogg-vorbis: bf7c407c2cedff20999df2af8eb42d56 -> 
========================================================================
Received Import Request.
  Time since last request: 65.130555 seconds.
  path: Assets/Script/CameraFollow.cs
  artifactKey: Guid(dd0dee8bfc92cd640b3d23ca19a66d22) Importer(815301076,1909f56bfc062723c751e8b465ee728b)
Start importing Assets/Script/CameraFollow.cs using Guid(dd0dee8bfc92cd640b3d23ca19a66d22) Importer(815301076,1909f56bfc062723c751e8b465ee728b)  -> (artifact id: 'b629d91439e1fd72ad640efbb02591ed') in 0.013334 seconds 
========================================================================
Received Prepare
Registering precompiled user dll's ...
Registered in 0.005967 seconds.
Begin MonoManager ReloadAssembly
Symbol file LoadedFromMemory doesn't match image C:\Users\PC\Documents\GitHub\RougeOut\RougeOutMap\Library\PackageCache\com.unity.visualscripting@1.8.0\Editor\VisualScripting.Core\Dependencies\YamlDotNet\Unity.VisualScripting.YamlDotNet.dll
Symbol file LoadedFromMemory doesn't match image C:\Users\PC\Documents\GitHub\RougeOut\RougeOutMap\Library\PackageCache\com.unity.visualscripting@1.8.0\Editor\VisualScripting.Core\Dependencies\DotNetZip\Unity.VisualScripting.IonicZip.dll
Native extension for WindowsStandalone target not found
Refreshing native plugins compatible for Editor in 0.79 ms, found 4 plugins.
Preloading 0 native plugins for Editor in 0.00 ms.
Mono: successfully reloaded assembly
- Completed reload, in  0.755 seconds
Domain Reload Profiling:
	ReloadAssembly (756ms)
		BeginReloadAssembly (110ms)
			ExecutionOrderSort (0ms)
			DisableScriptedObjects (5ms)
			BackupInstance (0ms)
			ReleaseScriptingObjects (0ms)
			CreateAndSetChildDomain (29ms)
		EndReloadAssembly (567ms)
			LoadAssemblies (76ms)
			RebuildTransferFunctionScriptingTraits (0ms)
			SetupTypeCache (163ms)
			ReleaseScriptCaches (2ms)
			RebuildScriptCaches (35ms)
			SetupLoadedEditorAssemblies (249ms)
				LogAssemblyErrors (0ms)
				InitializePlatformSupportModulesInManaged (4ms)
				SetLoadedEditorAssemblies (0ms)
				RefreshPlugins (1ms)
				BeforeProcessingInitializeOnLoad (53ms)
				ProcessInitializeOnLoadAttributes (155ms)
				ProcessInitializeOnLoadMethodAttributes (28ms)
				AfterProcessingInitializeOnLoad (7ms)
				EditorAssembliesLoaded (0ms)
			ExecutionOrderSort2 (0ms)
			AwakeInstancesAfterBackupRestoration (10ms)
Platform modules already initialized, skipping
Refreshing native plugins compatible for Editor in 1.79 ms, found 4 plugins.
Preloading 0 native plugins for Editor in 0.00 ms.
Unloading 3730 Unused Serialized files (Serialized files now loaded: 0)
Unloading 28 unused Assets / (195.7 KB). Loaded Objects now: 4201.
Memory consumption went from 142.3 MB to 142.1 MB.
Total: 2.802900 ms (FindLiveObjects: 0.248800 ms CreateObjectMapping: 0.171700 ms MarkObjects: 2.245700 ms  DeleteObjects: 0.135800 ms)

AssetImportParameters requested are different than current active one (requested -> active):
  custom:video-decoder-ogg-theora: a1e56fd34408186e4bbccfd4996cb3dc -> 
  custom:container-muxer-webm: aa71ff27fc2769a1b78a27578f13a17b -> 
  custom:container-demuxer-webm: 4f35f7cbe854078d1ac9338744f61a02 -> 
  custom:video-encoder-webm-vp8: eb34c28f22e8b96e1ab97ce403110664 -> 
  custom:audio-encoder-webm-vorbis: bf7c407c2cedff20999df2af8eb42d56 -> 
  custom:framework-win-MediaFoundation: 216162199b28c13a410421893ffa2e32 -> 
  custom:container-demuxer-ogg: 62fdf1f143b41e24485cea50d1cbac27 -> 
  custom:video-decoder-webm-vp8: 9c59270c3fd7afecdb556c50c9e8de78 -> 
  custom:audio-decoder-ogg-vorbis: bf7c407c2cedff20999df2af8eb42d56 -> 
========================================================================
Received Prepare
Registering precompiled user dll's ...
Registered in 0.005991 seconds.
Begin MonoManager ReloadAssembly
Symbol file LoadedFromMemory doesn't match image C:\Users\PC\Documents\GitHub\RougeOut\RougeOutMap\Library\PackageCache\com.unity.visualscripting@1.8.0\Editor\VisualScripting.Core\Dependencies\YamlDotNet\Unity.VisualScripting.YamlDotNet.dll
Symbol file LoadedFromMemory doesn't match image C:\Users\PC\Documents\GitHub\RougeOut\RougeOutMap\Library\PackageCache\com.unity.visualscripting@1.8.0\Editor\VisualScripting.Core\Dependencies\DotNetZip\Unity.VisualScripting.IonicZip.dll
Native extension for WindowsStandalone target not found
Refreshing native plugins compatible for Editor in 0.69 ms, found 4 plugins.
Preloading 0 native plugins for Editor in 0.00 ms.
Mono: successfully reloaded assembly
- Completed reload, in  0.657 seconds
Domain Reload Profiling:
	ReloadAssembly (657ms)
		BeginReloadAssembly (111ms)
			ExecutionOrderSort (0ms)
			DisableScriptedObjects (5ms)
			BackupInstance (0ms)
			ReleaseScriptingObjects (0ms)
			CreateAndSetChildDomain (26ms)
		EndReloadAssembly (479ms)
			LoadAssemblies (70ms)
			RebuildTransferFunctionScriptingTraits (0ms)
			SetupTypeCache (139ms)
			ReleaseScriptCaches (1ms)
			RebuildScriptCaches (28ms)
			SetupLoadedEditorAssemblies (220ms)
				LogAssemblyErrors (0ms)
				InitializePlatformSupportModulesInManaged (4ms)
				SetLoadedEditorAssemblies (0ms)
				RefreshPlugins (1ms)
				BeforeProcessingInitializeOnLoad (52ms)
				ProcessInitializeOnLoadAttributes (135ms)
				ProcessInitializeOnLoadMethodAttributes (22ms)
				AfterProcessingInitializeOnLoad (6ms)
				EditorAssembliesLoaded (0ms)
			ExecutionOrderSort2 (0ms)
			AwakeInstancesAfterBackupRestoration (10ms)
Platform modules already initialized, skipping
Refreshing native plugins compatible for Editor in 2.03 ms, found 4 plugins.
Preloading 0 native plugins for Editor in 0.00 ms.
Unloading 3730 Unused Serialized files (Serialized files now loaded: 0)
Unloading 28 unused Assets / (195.4 KB). Loaded Objects now: 4204.
Memory consumption went from 142.3 MB to 142.1 MB.
Total: 2.802700 ms (FindLiveObjects: 0.277400 ms CreateObjectMapping: 0.174100 ms MarkObjects: 2.229200 ms  DeleteObjects: 0.121300 ms)

AssetImportParameters requested are different than current active one (requested -> active):
  custom:video-decoder-ogg-theora: a1e56fd34408186e4bbccfd4996cb3dc -> 
  custom:container-muxer-webm: aa71ff27fc2769a1b78a27578f13a17b -> 
  custom:container-demuxer-webm: 4f35f7cbe854078d1ac9338744f61a02 -> 
  custom:video-encoder-webm-vp8: eb34c28f22e8b96e1ab97ce403110664 -> 
  custom:audio-encoder-webm-vorbis: bf7c407c2cedff20999df2af8eb42d56 -> 
  custom:framework-win-MediaFoundation: 216162199b28c13a410421893ffa2e32 -> 
  custom:container-demuxer-ogg: 62fdf1f143b41e24485cea50d1cbac27 -> 
  custom:video-decoder-webm-vp8: 9c59270c3fd7afecdb556c50c9e8de78 -> 
  custom:audio-decoder-ogg-vorbis: bf7c407c2cedff20999df2af8eb42d56 -> 
========================================================================
Received Import Request.
  Time since last request: 40.803373 seconds.
  path: Assets/Script/CameraFollow.cs
  artifactKey: Guid(dd0dee8bfc92cd640b3d23ca19a66d22) Importer(815301076,1909f56bfc062723c751e8b465ee728b)
Start importing Assets/Script/CameraFollow.cs using Guid(dd0dee8bfc92cd640b3d23ca19a66d22) Importer(815301076,1909f56bfc062723c751e8b465ee728b)  -> (artifact id: '15294b49bade0be1c8282823911c8daa') in 0.006865 seconds 
========================================================================
Received Prepare
Registering precompiled user dll's ...
Registered in 0.005632 seconds.
Begin MonoManager ReloadAssembly
Symbol file LoadedFromMemory doesn't match image C:\Users\PC\Documents\GitHub\RougeOut\RougeOutMap\Library\PackageCache\com.unity.visualscripting@1.8.0\Editor\VisualScripting.Core\Dependencies\YamlDotNet\Unity.VisualScripting.YamlDotNet.dll
Symbol file LoadedFromMemory doesn't match image C:\Users\PC\Documents\GitHub\RougeOut\RougeOutMap\Library\PackageCache\com.unity.visualscripting@1.8.0\Editor\VisualScripting.Core\Dependencies\DotNetZip\Unity.VisualScripting.IonicZip.dll
Native extension for WindowsStandalone target not found
Refreshing native plugins compatible for Editor in 0.64 ms, found 4 plugins.
Preloading 0 native plugins for Editor in 0.00 ms.
Mono: successfully reloaded assembly
- Completed reload, in  0.737 seconds
Domain Reload Profiling:
	ReloadAssembly (738ms)
		BeginReloadAssembly (112ms)
			ExecutionOrderSort (0ms)
			DisableScriptedObjects (7ms)
			BackupInstance (0ms)
			ReleaseScriptingObjects (0ms)
			CreateAndSetChildDomain (28ms)
		EndReloadAssembly (556ms)
			LoadAssemblies (70ms)
			RebuildTransferFunctionScriptingTraits (0ms)
			SetupTypeCache (164ms)
			ReleaseScriptCaches (1ms)
			RebuildScriptCaches (36ms)
			SetupLoadedEditorAssemblies (251ms)
				LogAssemblyErrors (0ms)
				InitializePlatformSupportModulesInManaged (4ms)
				SetLoadedEditorAssemblies (0ms)
				RefreshPlugins (1ms)
				BeforeProcessingInitializeOnLoad (57ms)
				ProcessInitializeOnLoadAttributes (154ms)
				ProcessInitializeOnLoadMethodAttributes (28ms)
				AfterProcessingInitializeOnLoad (6ms)
				EditorAssembliesLoaded (0ms)
			ExecutionOrderSort2 (0ms)
			AwakeInstancesAfterBackupRestoration (11ms)
Platform modules already initialized, skipping
Refreshing native plugins compatible for Editor in 1.51 ms, found 4 plugins.
Preloading 0 native plugins for Editor in 0.00 ms.
Unloading 3730 Unused Serialized files (Serialized files now loaded: 0)
Unloading 28 unused Assets / (195.5 KB). Loaded Objects now: 4207.
Memory consumption went from 142.3 MB to 142.2 MB.
Total: 2.516000 ms (FindLiveObjects: 0.220700 ms CreateObjectMapping: 0.122500 ms MarkObjects: 2.089200 ms  DeleteObjects: 0.082900 ms)

AssetImportParameters requested are different than current active one (requested -> active):
  custom:video-decoder-ogg-theora: a1e56fd34408186e4bbccfd4996cb3dc -> 
  custom:container-muxer-webm: aa71ff27fc2769a1b78a27578f13a17b -> 
  custom:container-demuxer-webm: 4f35f7cbe854078d1ac9338744f61a02 -> 
  custom:video-encoder-webm-vp8: eb34c28f22e8b96e1ab97ce403110664 -> 
  custom:audio-encoder-webm-vorbis: bf7c407c2cedff20999df2af8eb42d56 -> 
  custom:framework-win-MediaFoundation: 216162199b28c13a410421893ffa2e32 -> 
  custom:container-demuxer-ogg: 62fdf1f143b41e24485cea50d1cbac27 -> 
  custom:video-decoder-webm-vp8: 9c59270c3fd7afecdb556c50c9e8de78 -> 
  custom:audio-decoder-ogg-vorbis: bf7c407c2cedff20999df2af8eb42d56 -> 
========================================================================
Received Prepare
Registering precompiled user dll's ...
Registered in 0.005226 seconds.
Begin MonoManager ReloadAssembly
Symbol file LoadedFromMemory doesn't match image C:\Users\PC\Documents\GitHub\RougeOut\RougeOutMap\Library\PackageCache\com.unity.visualscripting@1.8.0\Editor\VisualScripting.Core\Dependencies\YamlDotNet\Unity.VisualScripting.YamlDotNet.dll
Symbol file LoadedFromMemory doesn't match image C:\Users\PC\Documents\GitHub\RougeOut\RougeOutMap\Library\PackageCache\com.unity.visualscripting@1.8.0\Editor\VisualScripting.Core\Dependencies\DotNetZip\Unity.VisualScripting.IonicZip.dll
Native extension for WindowsStandalone target not found
Refreshing native plugins compatible for Editor in 0.80 ms, found 4 plugins.
Preloading 0 native plugins for Editor in 0.00 ms.
Mono: successfully reloaded assembly
- Completed reload, in  0.756 seconds
Domain Reload Profiling:
	ReloadAssembly (757ms)
		BeginReloadAssembly (111ms)
			ExecutionOrderSort (0ms)
			DisableScriptedObjects (6ms)
			BackupInstance (0ms)
			ReleaseScriptingObjects (0ms)
			CreateAndSetChildDomain (27ms)
		EndReloadAssembly (580ms)
			LoadAssemblies (73ms)
			RebuildTransferFunctionScriptingTraits (0ms)
			SetupTypeCache (169ms)
			ReleaseScriptCaches (1ms)
			RebuildScriptCaches (36ms)
			SetupLoadedEditorAssemblies (263ms)
				LogAssemblyErrors (0ms)
				InitializePlatformSupportModulesInManaged (6ms)
				SetLoadedEditorAssemblies (0ms)
				RefreshPlugins (1ms)
				BeforeProcessingInitializeOnLoad (57ms)
				ProcessInitializeOnLoadAttributes (163ms)
				ProcessInitializeOnLoadMethodAttributes (30ms)
				AfterProcessingInitializeOnLoad (6ms)
				EditorAssembliesLoaded (0ms)
			ExecutionOrderSort2 (0ms)
			AwakeInstancesAfterBackupRestoration (11ms)
Platform modules already initialized, skipping
Refreshing native plugins compatible for Editor in 1.93 ms, found 4 plugins.
Preloading 0 native plugins for Editor in 0.00 ms.
Unloading 3730 Unused Serialized files (Serialized files now loaded: 0)
Unloading 28 unused Assets / (195.5 KB). Loaded Objects now: 4210.
Memory consumption went from 142.4 MB to 142.2 MB.
Total: 2.768400 ms (FindLiveObjects: 0.228900 ms CreateObjectMapping: 0.082600 ms MarkObjects: 2.353700 ms  DeleteObjects: 0.102600 ms)

AssetImportParameters requested are different than current active one (requested -> active):
  custom:video-decoder-ogg-theora: a1e56fd34408186e4bbccfd4996cb3dc -> 
  custom:container-muxer-webm: aa71ff27fc2769a1b78a27578f13a17b -> 
  custom:container-demuxer-webm: 4f35f7cbe854078d1ac9338744f61a02 -> 
  custom:video-encoder-webm-vp8: eb34c28f22e8b96e1ab97ce403110664 -> 
  custom:audio-encoder-webm-vorbis: bf7c407c2cedff20999df2af8eb42d56 -> 
  custom:framework-win-MediaFoundation: 216162199b28c13a410421893ffa2e32 -> 
  custom:container-demuxer-ogg: 62fdf1f143b41e24485cea50d1cbac27 -> 
  custom:video-decoder-webm-vp8: 9c59270c3fd7afecdb556c50c9e8de78 -> 
  custom:audio-decoder-ogg-vorbis: bf7c407c2cedff20999df2af8eb42d56 -> 
========================================================================
Received Prepare
Registering precompiled user dll's ...
Registered in 0.005690 seconds.
Begin MonoManager ReloadAssembly
Symbol file LoadedFromMemory doesn't match image C:\Users\PC\Documents\GitHub\RougeOut\RougeOutMap\Library\PackageCache\com.unity.visualscripting@1.8.0\Editor\VisualScripting.Core\Dependencies\YamlDotNet\Unity.VisualScripting.YamlDotNet.dll
Symbol file LoadedFromMemory doesn't match image C:\Users\PC\Documents\GitHub\RougeOut\RougeOutMap\Library\PackageCache\com.unity.visualscripting@1.8.0\Editor\VisualScripting.Core\Dependencies\DotNetZip\Unity.VisualScripting.IonicZip.dll
Native extension for WindowsStandalone target not found
Refreshing native plugins compatible for Editor in 0.63 ms, found 4 plugins.
Preloading 0 native plugins for Editor in 0.00 ms.
Mono: successfully reloaded assembly
- Completed reload, in  0.718 seconds
Domain Reload Profiling:
	ReloadAssembly (719ms)
		BeginReloadAssembly (110ms)
			ExecutionOrderSort (0ms)
			DisableScriptedObjects (6ms)
			BackupInstance (0ms)
			ReleaseScriptingObjects (0ms)
			CreateAndSetChildDomain (26ms)
		EndReloadAssembly (532ms)
			LoadAssemblies (75ms)
			RebuildTransferFunctionScriptingTraits (0ms)
			SetupTypeCache (169ms)
			ReleaseScriptCaches (1ms)
			RebuildScriptCaches (35ms)
			SetupLoadedEditorAssemblies (225ms)
				LogAssemblyErrors (0ms)
				InitializePlatformSupportModulesInManaged (4ms)
				SetLoadedEditorAssemblies (0ms)
				RefreshPlugins (1ms)
				BeforeProcessingInitializeOnLoad (53ms)
				ProcessInitializeOnLoadAttributes (137ms)
				ProcessInitializeOnLoadMethodAttributes (23ms)
				AfterProcessingInitializeOnLoad (6ms)
				EditorAssembliesLoaded (0ms)
			ExecutionOrderSort2 (0ms)
			AwakeInstancesAfterBackupRestoration (10ms)
Platform modules already initialized, skipping
Refreshing native plugins compatible for Editor in 1.57 ms, found 4 plugins.
Preloading 0 native plugins for Editor in 0.00 ms.
Unloading 3730 Unused Serialized files (Serialized files now loaded: 0)
Unloading 28 unused Assets / (195.5 KB). Loaded Objects now: 4213.
Memory consumption went from 142.4 MB to 142.2 MB.
Total: 2.824300 ms (FindLiveObjects: 0.236700 ms CreateObjectMapping: 0.084200 ms MarkObjects: 2.375000 ms  DeleteObjects: 0.127800 ms)

AssetImportParameters requested are different than current active one (requested -> active):
  custom:video-decoder-ogg-theora: a1e56fd34408186e4bbccfd4996cb3dc -> 
  custom:container-muxer-webm: aa71ff27fc2769a1b78a27578f13a17b -> 
  custom:container-demuxer-webm: 4f35f7cbe854078d1ac9338744f61a02 -> 
  custom:video-encoder-webm-vp8: eb34c28f22e8b96e1ab97ce403110664 -> 
  custom:audio-encoder-webm-vorbis: bf7c407c2cedff20999df2af8eb42d56 -> 
  custom:framework-win-MediaFoundation: 216162199b28c13a410421893ffa2e32 -> 
  custom:container-demuxer-ogg: 62fdf1f143b41e24485cea50d1cbac27 -> 
  custom:video-decoder-webm-vp8: 9c59270c3fd7afecdb556c50c9e8de78 -> 
  custom:audio-decoder-ogg-vorbis: bf7c407c2cedff20999df2af8eb42d56 -> 
========================================================================
Received Prepare
Registering precompiled user dll's ...
Registered in 0.005772 seconds.
Begin MonoManager ReloadAssembly
Symbol file LoadedFromMemory doesn't match image C:\Users\PC\Documents\GitHub\RougeOut\RougeOutMap\Library\PackageCache\com.unity.visualscripting@1.8.0\Editor\VisualScripting.Core\Dependencies\YamlDotNet\Unity.VisualScripting.YamlDotNet.dll
Symbol file LoadedFromMemory doesn't match image C:\Users\PC\Documents\GitHub\RougeOut\RougeOutMap\Library\PackageCache\com.unity.visualscripting@1.8.0\Editor\VisualScripting.Core\Dependencies\DotNetZip\Unity.VisualScripting.IonicZip.dll
Native extension for WindowsStandalone target not found
Refreshing native plugins compatible for Editor in 0.77 ms, found 4 plugins.
Preloading 0 native plugins for Editor in 0.00 ms.
Mono: successfully reloaded assembly
- Completed reload, in  0.721 seconds
Domain Reload Profiling:
	ReloadAssembly (722ms)
		BeginReloadAssembly (109ms)
			ExecutionOrderSort (0ms)
			DisableScriptedObjects (7ms)
			BackupInstance (0ms)
			ReleaseScriptingObjects (0ms)
			CreateAndSetChildDomain (25ms)
		EndReloadAssembly (538ms)
			LoadAssemblies (74ms)
			RebuildTransferFunctionScriptingTraits (0ms)
			SetupTypeCache (163ms)
			ReleaseScriptCaches (1ms)
			RebuildScriptCaches (34ms)
			SetupLoadedEditorAssemblies (238ms)
				LogAssemblyErrors (0ms)
				InitializePlatformSupportModulesInManaged (5ms)
				SetLoadedEditorAssemblies (0ms)
				RefreshPlugins (1ms)
				BeforeProcessingInitializeOnLoad (56ms)
				ProcessInitializeOnLoadAttributes (144ms)
				ProcessInitializeOnLoadMethodAttributes (26ms)
				AfterProcessingInitializeOnLoad (6ms)
				EditorAssembliesLoaded (0ms)
			ExecutionOrderSort2 (0ms)
			AwakeInstancesAfterBackupRestoration (8ms)
Platform modules already initialized, skipping
Refreshing native plugins compatible for Editor in 1.77 ms, found 4 plugins.
Preloading 0 native plugins for Editor in 0.00 ms.
Unloading 3730 Unused Serialized files (Serialized files now loaded: 0)
Unloading 28 unused Assets / (195.6 KB). Loaded Objects now: 4216.
Memory consumption went from 142.4 MB to 142.2 MB.
Total: 2.682200 ms (FindLiveObjects: 0.217700 ms CreateObjectMapping: 0.131000 ms MarkObjects: 2.238000 ms  DeleteObjects: 0.094900 ms)

AssetImportParameters requested are different than current active one (requested -> active):
  custom:video-decoder-ogg-theora: a1e56fd34408186e4bbccfd4996cb3dc -> 
  custom:container-muxer-webm: aa71ff27fc2769a1b78a27578f13a17b -> 
  custom:container-demuxer-webm: 4f35f7cbe854078d1ac9338744f61a02 -> 
  custom:video-encoder-webm-vp8: eb34c28f22e8b96e1ab97ce403110664 -> 
  custom:audio-encoder-webm-vorbis: bf7c407c2cedff20999df2af8eb42d56 -> 
  custom:framework-win-MediaFoundation: 216162199b28c13a410421893ffa2e32 -> 
  custom:container-demuxer-ogg: 62fdf1f143b41e24485cea50d1cbac27 -> 
  custom:video-decoder-webm-vp8: 9c59270c3fd7afecdb556c50c9e8de78 -> 
  custom:audio-decoder-ogg-vorbis: bf7c407c2cedff20999df2af8eb42d56 -> 
========================================================================
Received Prepare
Registering precompiled user dll's ...
Registered in 0.005001 seconds.
Begin MonoManager ReloadAssembly
Symbol file LoadedFromMemory doesn't match image C:\Users\PC\Documents\GitHub\RougeOut\RougeOutMap\Library\PackageCache\com.unity.visualscripting@1.8.0\Editor\VisualScripting.Core\Dependencies\YamlDotNet\Unity.VisualScripting.YamlDotNet.dll
Symbol file LoadedFromMemory doesn't match image C:\Users\PC\Documents\GitHub\RougeOut\RougeOutMap\Library\PackageCache\com.unity.visualscripting@1.8.0\Editor\VisualScripting.Core\Dependencies\DotNetZip\Unity.VisualScripting.IonicZip.dll
Native extension for WindowsStandalone target not found
Refreshing native plugins compatible for Editor in 0.59 ms, found 4 plugins.
Preloading 0 native plugins for Editor in 0.00 ms.
Mono: successfully reloaded assembly
- Completed reload, in  0.680 seconds
Domain Reload Profiling:
	ReloadAssembly (680ms)
		BeginReloadAssembly (109ms)
			ExecutionOrderSort (0ms)
			DisableScriptedObjects (6ms)
			BackupInstance (0ms)
			ReleaseScriptingObjects (0ms)
			CreateAndSetChildDomain (25ms)
		EndReloadAssembly (494ms)
			LoadAssemblies (75ms)
			RebuildTransferFunctionScriptingTraits (0ms)
			SetupTypeCache (160ms)
			ReleaseScriptCaches (1ms)
			RebuildScriptCaches (29ms)
			SetupLoadedEditorAssemblies (210ms)
				LogAssemblyErrors (0ms)
				InitializePlatformSupportModulesInManaged (4ms)
				SetLoadedEditorAssemblies (0ms)
				RefreshPlugins (1ms)
				BeforeProcessingInitializeOnLoad (45ms)
				ProcessInitializeOnLoadAttributes (131ms)
				ProcessInitializeOnLoadMethodAttributes (24ms)
				AfterProcessingInitializeOnLoad (4ms)
				EditorAssembliesLoaded (0ms)
			ExecutionOrderSort2 (0ms)
			AwakeInstancesAfterBackupRestoration (8ms)
Platform modules already initialized, skipping
Refreshing native plugins compatible for Editor in 2.05 ms, found 4 plugins.
Preloading 0 native plugins for Editor in 0.00 ms.
Unloading 3730 Unused Serialized files (Serialized files now loaded: 0)
Unloading 28 unused Assets / (195.6 KB). Loaded Objects now: 4219.
Memory consumption went from 142.4 MB to 142.2 MB.
Total: 3.045500 ms (FindLiveObjects: 0.239800 ms CreateObjectMapping: 0.136700 ms MarkObjects: 2.547400 ms  DeleteObjects: 0.121100 ms)

AssetImportParameters requested are different than current active one (requested -> active):
  custom:video-decoder-ogg-theora: a1e56fd34408186e4bbccfd4996cb3dc -> 
  custom:container-muxer-webm: aa71ff27fc2769a1b78a27578f13a17b -> 
  custom:container-demuxer-webm: 4f35f7cbe854078d1ac9338744f61a02 -> 
  custom:video-encoder-webm-vp8: eb34c28f22e8b96e1ab97ce403110664 -> 
  custom:audio-encoder-webm-vorbis: bf7c407c2cedff20999df2af8eb42d56 -> 
  custom:framework-win-MediaFoundation: 216162199b28c13a410421893ffa2e32 -> 
  custom:container-demuxer-ogg: 62fdf1f143b41e24485cea50d1cbac27 -> 
  custom:video-decoder-webm-vp8: 9c59270c3fd7afecdb556c50c9e8de78 -> 
  custom:audio-decoder-ogg-vorbis: bf7c407c2cedff20999df2af8eb42d56 -> 
========================================================================
Received Prepare
Registering precompiled user dll's ...
Registered in 0.004831 seconds.
Begin MonoManager ReloadAssembly
Symbol file LoadedFromMemory doesn't match image C:\Users\PC\Documents\GitHub\RougeOut\RougeOutMap\Library\PackageCache\com.unity.visualscripting@1.8.0\Editor\VisualScripting.Core\Dependencies\YamlDotNet\Unity.VisualScripting.YamlDotNet.dll
Symbol file LoadedFromMemory doesn't match image C:\Users\PC\Documents\GitHub\RougeOut\RougeOutMap\Library\PackageCache\com.unity.visualscripting@1.8.0\Editor\VisualScripting.Core\Dependencies\DotNetZip\Unity.VisualScripting.IonicZip.dll
Native extension for WindowsStandalone target not found
Refreshing native plugins compatible for Editor in 0.54 ms, found 4 plugins.
Preloading 0 native plugins for Editor in 0.00 ms.
Mono: successfully reloaded assembly
- Completed reload, in  0.680 seconds
Domain Reload Profiling:
	ReloadAssembly (680ms)
		BeginReloadAssembly (108ms)
			ExecutionOrderSort (0ms)
			DisableScriptedObjects (5ms)
			BackupInstance (0ms)
			ReleaseScriptingObjects (0ms)
			CreateAndSetChildDomain (26ms)
		EndReloadAssembly (497ms)
			LoadAssemblies (68ms)
			RebuildTransferFunctionScriptingTraits (0ms)
			SetupTypeCache (161ms)
			ReleaseScriptCaches (2ms)
			RebuildScriptCaches (31ms)
			SetupLoadedEditorAssemblies (213ms)
				LogAssemblyErrors (0ms)
				InitializePlatformSupportModulesInManaged (5ms)
				SetLoadedEditorAssemblies (0ms)
				RefreshPlugins (1ms)
				BeforeProcessingInitializeOnLoad (48ms)
				ProcessInitializeOnLoadAttributes (133ms)
				ProcessInitializeOnLoadMethodAttributes (22ms)
				AfterProcessingInitializeOnLoad (5ms)
				EditorAssembliesLoaded (0ms)
			ExecutionOrderSort2 (0ms)
			AwakeInstancesAfterBackupRestoration (9ms)
Platform modules already initialized, skipping
Refreshing native plugins compatible for Editor in 2.53 ms, found 4 plugins.
Preloading 0 native plugins for Editor in 0.00 ms.
Unloading 3730 Unused Serialized files (Serialized files now loaded: 0)
Unloading 28 unused Assets / (195.5 KB). Loaded Objects now: 4222.
Memory consumption went from 142.4 MB to 142.2 MB.
Total: 3.019400 ms (FindLiveObjects: 0.226300 ms CreateObjectMapping: 0.132700 ms MarkObjects: 2.529000 ms  DeleteObjects: 0.130700 ms)

AssetImportParameters requested are different than current active one (requested -> active):
  custom:video-decoder-ogg-theora: a1e56fd34408186e4bbccfd4996cb3dc -> 
  custom:container-muxer-webm: aa71ff27fc2769a1b78a27578f13a17b -> 
  custom:container-demuxer-webm: 4f35f7cbe854078d1ac9338744f61a02 -> 
  custom:video-encoder-webm-vp8: eb34c28f22e8b96e1ab97ce403110664 -> 
  custom:audio-encoder-webm-vorbis: bf7c407c2cedff20999df2af8eb42d56 -> 
  custom:framework-win-MediaFoundation: 216162199b28c13a410421893ffa2e32 -> 
  custom:container-demuxer-ogg: 62fdf1f143b41e24485cea50d1cbac27 -> 
  custom:video-decoder-webm-vp8: 9c59270c3fd7afecdb556c50c9e8de78 -> 
  custom:audio-decoder-ogg-vorbis: bf7c407c2cedff20999df2af8eb42d56 -> 
========================================================================
Received Import Request.
  Time since last request: 1190.652342 seconds.
  path: Assets/Palettes2
  artifactKey: Guid(cbe45393ef9735c4ca909427c761a3e1) Importer(815301076,1909f56bfc062723c751e8b465ee728b)
Start importing Assets/Palettes2 using Guid(cbe45393ef9735c4ca909427c761a3e1) Importer(815301076,1909f56bfc062723c751e8b465ee728b)  -> (artifact id: 'bcf46997bacc7bb34179847b47adf09d') in 0.014266 seconds 
========================================================================
Received Import Request.
  Time since last request: 54.952776 seconds.
  path: Assets/Palettes2/Rectangular Palette.prefab
  artifactKey: Guid(5ea3f32d95832a646b0e73eeb81c29fa) Importer(815301076,1909f56bfc062723c751e8b465ee728b)
Start importing Assets/Palettes2/Rectangular Palette.prefab using Guid(5ea3f32d95832a646b0e73eeb81c29fa) Importer(815301076,1909f56bfc062723c751e8b465ee728b)  -> (artifact id: '23c89848fcf643b2c148b32d7be32ce2') in 0.070823 seconds 
========================================================================
Received Import Request.
  Time since last request: 120.452961 seconds.
  path: Assets/Scenes/SampleScene.unity
  artifactKey: Guid(2cda990e2423bbf4892e6590ba056729) Importer(815301076,1909f56bfc062723c751e8b465ee728b)
Start importing Assets/Scenes/SampleScene.unity using Guid(2cda990e2423bbf4892e6590ba056729) Importer(815301076,1909f56bfc062723c751e8b465ee728b)  -> (artifact id: 'c5fa1a5bbd6d0fb7b4765885bbcccaee') in 0.009912 seconds 
========================================================================
Received Import Request.
  Time since last request: 5.260681 seconds.
  path: Assets/Scenes/New Folder
  artifactKey: Guid(e2bedc6cbf9f8004094ec28ac0759395) Importer(815301076,1909f56bfc062723c751e8b465ee728b)
Start importing Assets/Scenes/New Folder using Guid(e2bedc6cbf9f8004094ec28ac0759395) Importer(815301076,1909f56bfc062723c751e8b465ee728b)  -> (artifact id: '301ba01c9247c4a8822936f1332a546c') in 0.007858 seconds 
========================================================================
Received Import Request.
  Time since last request: 13.807552 seconds.
  path: Assets/Scenes/StartScene.unity
  artifactKey: Guid(38550ab1f8064f04b801dd280d335b21) Importer(815301076,1909f56bfc062723c751e8b465ee728b)
Start importing Assets/Scenes/StartScene.unity using Guid(38550ab1f8064f04b801dd280d335b21) Importer(815301076,1909f56bfc062723c751e8b465ee728b)  -> (artifact id: 'fb1bf32c0ba9a1ac46b58c9cb72d6b35') in 0.008746 seconds 
========================================================================
Received Import Request.
  Time since last request: 13.124023 seconds.
  path: Assets/Scenes/SampleScene.unity
  artifactKey: Guid(2cda990e2423bbf4892e6590ba056729) Importer(815301076,1909f56bfc062723c751e8b465ee728b)
Start importing Assets/Scenes/SampleScene.unity using Guid(2cda990e2423bbf4892e6590ba056729) Importer(815301076,1909f56bfc062723c751e8b465ee728b)  -> (artifact id: '170592539894ed0c4b4449e049d6fcf8') in 0.001461 seconds 
========================================================================
Received Import Request.
  Time since last request: 133.234977 seconds.
  path: Assets/Scenes/StartScene.unity
  artifactKey: Guid(38550ab1f8064f04b801dd280d335b21) Importer(815301076,1909f56bfc062723c751e8b465ee728b)
Start importing Assets/Scenes/StartScene.unity using Guid(38550ab1f8064f04b801dd280d335b21) Importer(815301076,1909f56bfc062723c751e8b465ee728b)  -> (artifact id: 'ad636050b702ace6bcd19dd0303b2717') in 0.001624 seconds 
========================================================================
Received Import Request.
  Time since last request: 8942.553354 seconds.
  path: Assets/Scenes/StartScene.unity
  artifactKey: Guid(38550ab1f8064f04b801dd280d335b21) Importer(815301076,1909f56bfc062723c751e8b465ee728b)
Start importing Assets/Scenes/StartScene.unity using Guid(38550ab1f8064f04b801dd280d335b21) Importer(815301076,1909f56bfc062723c751e8b465ee728b)  -> (artifact id: '28efbb021e067a28a6347240c79e6612') in 0.001753 seconds 
========================================================================
Received Import Request.
  Time since last request: 20.997224 seconds.
  path: Assets/Scenes/StartScene.unity
  artifactKey: Guid(38550ab1f8064f04b801dd280d335b21) Importer(815301076,1909f56bfc062723c751e8b465ee728b)
Start importing Assets/Scenes/StartScene.unity using Guid(38550ab1f8064f04b801dd280d335b21) Importer(815301076,1909f56bfc062723c751e8b465ee728b)  -> (artifact id: '0a92c4ab30bdf6315de93a560509cf16') in 0.001541 seconds 
========================================================================
Received Import Request.
  Time since last request: 25.665507 seconds.
  path: Assets/Scenes/StartScene.unity
  artifactKey: Guid(38550ab1f8064f04b801dd280d335b21) Importer(815301076,1909f56bfc062723c751e8b465ee728b)
Start importing Assets/Scenes/StartScene.unity using Guid(38550ab1f8064f04b801dd280d335b21) Importer(815301076,1909f56bfc062723c751e8b465ee728b)  -> (artifact id: '0cc00c1f098620e26da74570d1693d03') in 0.001512 seconds 
========================================================================
Received Import Request.
  Time since last request: 192.903287 seconds.
  path: Assets/Gothicvania-Town/Animations
  artifactKey: Guid(e59ce6be9c9dc4c6cb72dfa52d777230) Importer(815301076,1909f56bfc062723c751e8b465ee728b)
Start importing Assets/Gothicvania-Town/Animations using Guid(e59ce6be9c9dc4c6cb72dfa52d777230) Importer(815301076,1909f56bfc062723c751e8b465ee728b)  -> (artifact id: '8028d66ad761a2ee874062c383b7bd0e') in 0.008256 seconds 
========================================================================
Received Import Request.
  Time since last request: 1.734175 seconds.
  path: Assets/Gothicvania-Town/Art
  artifactKey: Guid(c2b75d76344fa4eb2a35e43ceff06d21) Importer(815301076,1909f56bfc062723c751e8b465ee728b)
Start importing Assets/Gothicvania-Town/Art using Guid(c2b75d76344fa4eb2a35e43ceff06d21) Importer(815301076,1909f56bfc062723c751e8b465ee728b)  -> (artifact id: '000d30b3c691bc0809e22dff0de1e297') in 0.011522 seconds 
========================================================================
Received Import Request.
  Time since last request: 1.099289 seconds.
  path: Assets/Gothicvania-Town/Art/Sprites
  artifactKey: Guid(f8b057f1ccf424086a146d170a33bb29) Importer(815301076,1909f56bfc062723c751e8b465ee728b)
Start importing Assets/Gothicvania-Town/Art/Sprites using Guid(f8b057f1ccf424086a146d170a33bb29) Importer(815301076,1909f56bfc062723c751e8b465ee728b)  -> (artifact id: 'b31f361ddd86644cfed7f6fc0eee69bb') in 0.008604 seconds 
========================================================================
Received Import Request.
  Time since last request: 3.226178 seconds.
  path: Assets/Gothicvania-Town/Art/Sprites/bearded-idle
  artifactKey: Guid(6050d2feb234b4548aa74aee7650baa6) Importer(815301076,1909f56bfc062723c751e8b465ee728b)
Start importing Assets/Gothicvania-Town/Art/Sprites/bearded-idle using Guid(6050d2feb234b4548aa74aee7650baa6) Importer(815301076,1909f56bfc062723c751e8b465ee728b)  -> (artifact id: '94c5dd36eb45b9d9a3d860d77653f9f6') in 0.008615 seconds 
========================================================================
Received Import Request.
  Time since last request: 0.036261 seconds.
  path: Assets/Gothicvania-Town/Art/Sprites/bearded-idle/bearded-idle-1.png
  artifactKey: Guid(e4ab738c3a9c842b69fa93cbbff0ea53) Importer(815301076,1909f56bfc062723c751e8b465ee728b)
Start importing Assets/Gothicvania-Town/Art/Sprites/bearded-idle/bearded-idle-1.png using Guid(e4ab738c3a9c842b69fa93cbbff0ea53) Importer(815301076,1909f56bfc062723c751e8b465ee728b)  -> (artifact id: 'f637441044d7e61aacc53bd474f4bdde') in 0.034366 seconds 
========================================================================
Received Import Request.
  Time since last request: 0.000020 seconds.
  path: Assets/Gothicvania-Town/Art/Sprites/bearded-idle/bearded-idle-3.png
  artifactKey: Guid(e5d48ddba917147d4984d60c82de0138) Importer(815301076,1909f56bfc062723c751e8b465ee728b)
Start importing Assets/Gothicvania-Town/Art/Sprites/bearded-idle/bearded-idle-3.png using Guid(e5d48ddba917147d4984d60c82de0138) Importer(815301076,1909f56bfc062723c751e8b465ee728b)  -> (artifact id: 'bd11d05201427d7f4788e328627a73e9') in 0.020103 seconds 
========================================================================
Received Import Request.
  Time since last request: 0.000028 seconds.
  path: Assets/Gothicvania-Town/Art/Sprites/bearded-idle/bearded-idle-4.png
  artifactKey: Guid(b7c237ced05de4c44a8337e4c9d5da9f) Importer(815301076,1909f56bfc062723c751e8b465ee728b)
Start importing Assets/Gothicvania-Town/Art/Sprites/bearded-idle/bearded-idle-4.png using Guid(b7c237ced05de4c44a8337e4c9d5da9f) Importer(815301076,1909f56bfc062723c751e8b465ee728b)  -> (artifact id: '5f2c7ecc227c0d2e4d326f226936fbd9') in 0.010412 seconds 
========================================================================
Received Import Request.
  Time since last request: 0.000017 seconds.
  path: Assets/Gothicvania-Town/Art/Sprites/bearded-idle/bearded-idle-5.png
  artifactKey: Guid(015cc9e6c3749435f8a1905cadfa8fb3) Importer(815301076,1909f56bfc062723c751e8b465ee728b)
Start importing Assets/Gothicvania-Town/Art/Sprites/bearded-idle/bearded-idle-5.png using Guid(015cc9e6c3749435f8a1905cadfa8fb3) Importer(815301076,1909f56bfc062723c751e8b465ee728b)  -> (artifact id: '66a559f2c1aef11abdcbfb9ba813382c') in 0.010963 seconds 
========================================================================
Received Import Request.
  Time since last request: 1.993446 seconds.
  path: Assets/Gothicvania-Town/Art/Sprites/bearded-walk
  artifactKey: Guid(003dea1224276412a906c771ac4bf1ab) Importer(815301076,1909f56bfc062723c751e8b465ee728b)
Start importing Assets/Gothicvania-Town/Art/Sprites/bearded-walk using Guid(003dea1224276412a906c771ac4bf1ab) Importer(815301076,1909f56bfc062723c751e8b465ee728b)  -> (artifact id: '9df3a977723dd60b8a8369cd6b493947') in 0.008229 seconds 
========================================================================
Received Import Request.
  Time since last request: 0.052315 seconds.
  path: Assets/Gothicvania-Town/Art/Sprites/bearded-walk/bearded-walk-1.png
  artifactKey: Guid(7dae316cab1f54aeea0b7b52a1f0495d) Importer(815301076,1909f56bfc062723c751e8b465ee728b)
Start importing Assets/Gothicvania-Town/Art/Sprites/bearded-walk/bearded-walk-1.png using Guid(7dae316cab1f54aeea0b7b52a1f0495d) Importer(815301076,1909f56bfc062723c751e8b465ee728b)  -> (artifact id: '1d287360e2eebe0a2c23ce49477c54f4') in 0.014719 seconds 
========================================================================
Received Import Request.
  Time since last request: 0.000015 seconds.
  path: Assets/Gothicvania-Town/Art/Sprites/bearded-walk/bearded-walk-4.png
  artifactKey: Guid(0d0cae25406c447e3a85ab8e195ac041) Importer(815301076,1909f56bfc062723c751e8b465ee728b)
Start importing Assets/Gothicvania-Town/Art/Sprites/bearded-walk/bearded-walk-4.png using Guid(0d0cae25406c447e3a85ab8e195ac041) Importer(815301076,1909f56bfc062723c751e8b465ee728b)  -> (artifact id: '64e81fc5e4d9d03517e8e30d9b9cab0b') in 0.012583 seconds 
========================================================================
Received Import Request.
  Time since last request: 0.000030 seconds.
  path: Assets/Gothicvania-Town/Art/Sprites/bearded-walk/bearded-walk-6.png
  artifactKey: Guid(35140b321bc564c93876fe5a7bb532dc) Importer(815301076,1909f56bfc062723c751e8b465ee728b)
Start importing Assets/Gothicvania-Town/Art/Sprites/bearded-walk/bearded-walk-6.png using Guid(35140b321bc564c93876fe5a7bb532dc) Importer(815301076,1909f56bfc062723c751e8b465ee728b)  -> (artifact id: 'c19e6d2fd076b8abd56c00fd9cc4a4da') in 0.013616 seconds 
========================================================================
Received Import Request.
  Time since last request: 1.250735 seconds.
  path: Assets/Gothicvania-Town/Art/Sprites/hat-man-idle/hat-man-idle-2.png
  artifactKey: Guid(d7886951770614509b79fc9c1bdb69b1) Importer(815301076,1909f56bfc062723c751e8b465ee728b)
Start importing Assets/Gothicvania-Town/Art/Sprites/hat-man-idle/hat-man-idle-2.png using Guid(d7886951770614509b79fc9c1bdb69b1) Importer(815301076,1909f56bfc062723c751e8b465ee728b)  -> (artifact id: 'fcaf00e29942ff84594a98563fe56fc6') in 0.013325 seconds 
========================================================================
Received Import Request.
  Time since last request: 0.000022 seconds.
  path: Assets/Gothicvania-Town/Art/Sprites/hat-man-idle/hat-man-idle-4.png
  artifactKey: Guid(417f4d0e791d3450d9f1009ce4274222) Importer(815301076,1909f56bfc062723c751e8b465ee728b)
Start importing Assets/Gothicvania-Town/Art/Sprites/hat-man-idle/hat-man-idle-4.png using Guid(417f4d0e791d3450d9f1009ce4274222) Importer(815301076,1909f56bfc062723c751e8b465ee728b)  -> (artifact id: '019d8594e7b535d2d39eccfa835c2e75') in 0.013081 seconds 
========================================================================
Received Import Request.
  Time since last request: 1.115554 seconds.
  path: Assets/Gothicvania-Town/Art/Sprites/hat-man-walk/hat-man-walk-2.png
  artifactKey: Guid(36ef399a34e1d4d6e9fafe520195effc) Importer(815301076,1909f56bfc062723c751e8b465ee728b)
Start importing Assets/Gothicvania-Town/Art/Sprites/hat-man-walk/hat-man-walk-2.png using Guid(36ef399a34e1d4d6e9fafe520195effc) Importer(815301076,1909f56bfc062723c751e8b465ee728b)  -> (artifact id: 'a5e7f72bd392f43a030853ca5779a8c3') in 0.013210 seconds 
========================================================================
Received Import Request.
  Time since last request: 0.000018 seconds.
  path: Assets/Gothicvania-Town/Art/Sprites/hat-man-walk/hat-man-walk-5.png
  artifactKey: Guid(78be1d6bc5e4b405f97d09ff5db0addd) Importer(815301076,1909f56bfc062723c751e8b465ee728b)
Start importing Assets/Gothicvania-Town/Art/Sprites/hat-man-walk/hat-man-walk-5.png using Guid(78be1d6bc5e4b405f97d09ff5db0addd) Importer(815301076,1909f56bfc062723c751e8b465ee728b)  -> (artifact id: '085e1fb687d348e31f27f23e2e98fcd1') in 0.013128 seconds 
========================================================================
Received Import Request.
  Time since last request: 1.595745 seconds.
  path: Assets/Gothicvania-Town/Art/Sprites/oldman-idle/oldman-idle-2.png
  artifactKey: Guid(1d93796b9d2f54fc1919e13f6f19a33c) Importer(815301076,1909f56bfc062723c751e8b465ee728b)
Start importing Assets/Gothicvania-Town/Art/Sprites/oldman-idle/oldman-idle-2.png using Guid(1d93796b9d2f54fc1919e13f6f19a33c) Importer(815301076,1909f56bfc062723c751e8b465ee728b)  -> (artifact id: '57e911c479f44d961e7e750a1275e6bb') in 0.014652 seconds 
========================================================================
Received Import Request.
  Time since last request: 0.000016 seconds.
  path: Assets/Gothicvania-Town/Art/Sprites/oldman-idle/oldman-idle-7.png
  artifactKey: Guid(9750692bf14f846dba295a4de247f095) Importer(815301076,1909f56bfc062723c751e8b465ee728b)
Start importing Assets/Gothicvania-Town/Art/Sprites/oldman-idle/oldman-idle-7.png using Guid(9750692bf14f846dba295a4de247f095) Importer(815301076,1909f56bfc062723c751e8b465ee728b)  -> (artifact id: 'df0fc7a39e067236dfa7a671364bcd3a') in 0.013295 seconds 
========================================================================
Received Import Request.
  Time since last request: 0.000017 seconds.
  path: Assets/Gothicvania-Town/Art/Sprites/oldman-idle/oldman-idle-6.png
  artifactKey: Guid(c1720c49a42c1419797441b6bf7366e7) Importer(815301076,1909f56bfc062723c751e8b465ee728b)
Start importing Assets/Gothicvania-Town/Art/Sprites/oldman-idle/oldman-idle-6.png using Guid(c1720c49a42c1419797441b6bf7366e7) Importer(815301076,1909f56bfc062723c751e8b465ee728b)  -> (artifact id: '6975a7c03f08409cdd3b3e3ad4814bc7') in 0.012486 seconds 
========================================================================
Received Import Request.
  Time since last request: 1.162689 seconds.
  path: Assets/Gothicvania-Town/Art/Sprites/oldman-walk/oldman-walk-2.png
  artifactKey: Guid(ec34c9f71877249d7b1c48c192371ca8) Importer(815301076,1909f56bfc062723c751e8b465ee728b)
Start importing Assets/Gothicvania-Town/Art/Sprites/oldman-walk/oldman-walk-2.png using Guid(ec34c9f71877249d7b1c48c192371ca8) Importer(815301076,1909f56bfc062723c751e8b465ee728b)  -> (artifact id: 'b4f00df20f0f3f2919c480b58b0a1905') in 0.017179 seconds 
========================================================================
Received Import Request.
  Time since last request: 0.000018 seconds.
  path: Assets/Gothicvania-Town/Art/Sprites/oldman-walk/oldman-walk-4.png
  artifactKey: Guid(d136262f870d643ae973d5fc3eb3cb5c) Importer(815301076,1909f56bfc062723c751e8b465ee728b)
Start importing Assets/Gothicvania-Town/Art/Sprites/oldman-walk/oldman-walk-4.png using Guid(d136262f870d643ae973d5fc3eb3cb5c) Importer(815301076,1909f56bfc062723c751e8b465ee728b)  -> (artifact id: 'c1ea3d4a4de24cb6dc72710976d9be4b') in 0.012866 seconds 
========================================================================
Received Import Request.
  Time since last request: 0.000015 seconds.
  path: Assets/Gothicvania-Town/Art/Sprites/oldman-walk/oldman-walk-7.png
  artifactKey: Guid(1ba454cc6912c474e8b75fb444a0d373) Importer(815301076,1909f56bfc062723c751e8b465ee728b)
Start importing Assets/Gothicvania-Town/Art/Sprites/oldman-walk/oldman-walk-7.png using Guid(1ba454cc6912c474e8b75fb444a0d373) Importer(815301076,1909f56bfc062723c751e8b465ee728b)  -> (artifact id: 'aabbf7bd520c527e0c50672bf45a3700') in 0.013295 seconds 
========================================================================
Received Import Request.
  Time since last request: 0.000014 seconds.
  path: Assets/Gothicvania-Town/Art/Sprites/oldman-walk/oldman-walk-10.png
  artifactKey: Guid(5ad32c72d858344c0a186491d8470c13) Importer(815301076,1909f56bfc062723c751e8b465ee728b)
Start importing Assets/Gothicvania-Town/Art/Sprites/oldman-walk/oldman-walk-10.png using Guid(5ad32c72d858344c0a186491d8470c13) Importer(815301076,1909f56bfc062723c751e8b465ee728b)  -> (artifact id: '01dab34be60b26ed777bb2bb68978de1') in 0.013539 seconds 
========================================================================
Received Import Request.
  Time since last request: 1.051641 seconds.
  path: Assets/Gothicvania-Town/Art/Sprites/woman-idle/woman-idle-2.png
  artifactKey: Guid(b8cf87ad419e444109e876f5bd7664fc) Importer(815301076,1909f56bfc062723c751e8b465ee728b)
Start importing Assets/Gothicvania-Town/Art/Sprites/woman-idle/woman-idle-2.png using Guid(b8cf87ad419e444109e876f5bd7664fc) Importer(815301076,1909f56bfc062723c751e8b465ee728b)  -> (artifact id: '27cb0dd0a1ae0837afd07360889a8913') in 0.018262 seconds 
========================================================================
Received Import Request.
  Time since last request: 0.000018 seconds.
  path: Assets/Gothicvania-Town/Art/Sprites/woman-idle/woman-idle-4.png
  artifactKey: Guid(a02d410614ef1458096ef6e6077bb9b4) Importer(815301076,1909f56bfc062723c751e8b465ee728b)
Start importing Assets/Gothicvania-Town/Art/Sprites/woman-idle/woman-idle-4.png using Guid(a02d410614ef1458096ef6e6077bb9b4) Importer(815301076,1909f56bfc062723c751e8b465ee728b)  -> (artifact id: '334844c962dca5003e9e0239c7e8dc2b') in 0.012232 seconds 
========================================================================
Received Import Request.
  Time since last request: 1.023700 seconds.
  path: Assets/Gothicvania-Town/Art/Sprites/woman-walk/woman-walk-2.png
  artifactKey: Guid(cbffcc849feea4090b7ad074cbb72a44) Importer(815301076,1909f56bfc062723c751e8b465ee728b)
Start importing Assets/Gothicvania-Town/Art/Sprites/woman-walk/woman-walk-2.png using Guid(cbffcc849feea4090b7ad074cbb72a44) Importer(815301076,1909f56bfc062723c751e8b465ee728b)  -> (artifact id: '55687063085c40c72bd980f5f5aafa2e') in 0.014511 seconds 
========================================================================
Received Import Request.
  Time since last request: 4.424082 seconds.
  path: Assets/Gothicvania-Town/Art/Environment/props-sliced/crate-stack.png
  artifactKey: Guid(5511879193aae49419cd6daa384e4e0e) Importer(815301076,1909f56bfc062723c751e8b465ee728b)
Start importing Assets/Gothicvania-Town/Art/Environment/props-sliced/crate-stack.png using Guid(5511879193aae49419cd6daa384e4e0e) Importer(815301076,1909f56bfc062723c751e8b465ee728b)  -> (artifact id: 'fe414f1614afd34eb75ee91e4d7694fc') in 0.015165 seconds 
========================================================================
Received Import Request.
  Time since last request: 0.000018 seconds.
  path: Assets/Gothicvania-Town/Art/Environment/props-sliced/house-c.png
  artifactKey: Guid(2918541d5830b40ff9298093228c04f6) Importer(815301076,1909f56bfc062723c751e8b465ee728b)
Start importing Assets/Gothicvania-Town/Art/Environment/props-sliced/house-c.png using Guid(2918541d5830b40ff9298093228c04f6) Importer(815301076,1909f56bfc062723c751e8b465ee728b)  -> (artifact id: 'cbfadd49cdada7e90c98920088d58127') in 0.017002 seconds 
========================================================================
Received Import Request.
  Time since last request: 31.022682 seconds.
  path: Assets/Gothicvania-Town/Art/Environment/sliced-tileset/ground-corner.png
  artifactKey: Guid(c2fd156aa51db412994527307ef76bee) Importer(815301076,1909f56bfc062723c751e8b465ee728b)
Start importing Assets/Gothicvania-Town/Art/Environment/sliced-tileset/ground-corner.png using Guid(c2fd156aa51db412994527307ef76bee) Importer(815301076,1909f56bfc062723c751e8b465ee728b)  -> (artifact id: 'c6c575fb1b4604fe9875be095fb80f51') in 0.024005 seconds 
========================================================================
Received Import Request.
  Time since last request: 0.000014 seconds.
  path: Assets/Gothicvania-Town/Art/Environment/sliced-tileset/right-roof.png
  artifactKey: Guid(8fda6f3fa68a04d50868eac837501e62) Importer(815301076,1909f56bfc062723c751e8b465ee728b)
Start importing Assets/Gothicvania-Town/Art/Environment/sliced-tileset/right-roof.png using Guid(8fda6f3fa68a04d50868eac837501e62) Importer(815301076,1909f56bfc062723c751e8b465ee728b)  -> (artifact id: 'c322f9a4e7dc68367881d39879c666e3') in 0.028212 seconds 
========================================================================
Received Import Request.
  Time since last request: 0.000014 seconds.
  path: Assets/Gothicvania-Town/Art/Environment/sliced-tileset/stairs-wall.png
  artifactKey: Guid(c9d7e1e7b60264919aa1001a0f30937d) Importer(815301076,1909f56bfc062723c751e8b465ee728b)
Start importing Assets/Gothicvania-Town/Art/Environment/sliced-tileset/stairs-wall.png using Guid(c9d7e1e7b60264919aa1001a0f30937d) Importer(815301076,1909f56bfc062723c751e8b465ee728b)  -> (artifact id: 'eeb4fb0d097f8d9fd56670fc8133cf6d') in 0.059584 seconds 
========================================================================
Received Import Request.
  Time since last request: 0.000020 seconds.
  path: Assets/Gothicvania-Town/Art/Environment/sliced-tileset/slope.png
  artifactKey: Guid(c043f24078d794ba4a8c62481c41f102) Importer(815301076,1909f56bfc062723c751e8b465ee728b)
Start importing Assets/Gothicvania-Town/Art/Environment/sliced-tileset/slope.png using Guid(c043f24078d794ba4a8c62481c41f102) Importer(815301076,1909f56bfc062723c751e8b465ee728b)  -> (artifact id: '0dede1361be2df2f1be1f127cc3e0e8c') in 0.050188 seconds 
========================================================================
Received Import Request.
  Time since last request: 0.000016 seconds.
  path: Assets/Gothicvania-Town/Art/Environment/sliced-tileset/stairs-mirror-left.png
  artifactKey: Guid(c9c0121df426946c4a17cf572c4abfd5) Importer(815301076,1909f56bfc062723c751e8b465ee728b)
Start importing Assets/Gothicvania-Town/Art/Environment/sliced-tileset/stairs-mirror-left.png using Guid(c9c0121df426946c4a17cf572c4abfd5) Importer(815301076,1909f56bfc062723c751e8b465ee728b)  -> (artifact id: '10743837e3b0b76a0d793cc34f2af031') in 0.039352 seconds 
========================================================================
Received Import Request.
  Time since last request: 0.000023 seconds.
  path: Assets/Gothicvania-Town/Art/Environment/sliced-tileset/wall.png
  artifactKey: Guid(ab7aa97c98c68405e918264e216b9dff) Importer(815301076,1909f56bfc062723c751e8b465ee728b)
Start importing Assets/Gothicvania-Town/Art/Environment/sliced-tileset/wall.png using Guid(ab7aa97c98c68405e918264e216b9dff) Importer(815301076,1909f56bfc062723c751e8b465ee728b)  -> (artifact id: '7069f88858a50a8ae2fa1953dda37327') in 0.044972 seconds 
========================================================================
Received Import Request.
  Time since last request: 0.000022 seconds.
  path: Assets/Gothicvania-Town/Art/Environment/sliced-tileset/shadow.png
  artifactKey: Guid(e64e8af2f0a054a88845c5718b33b3a2) Importer(815301076,1909f56bfc062723c751e8b465ee728b)
Start importing Assets/Gothicvania-Town/Art/Environment/sliced-tileset/shadow.png using Guid(e64e8af2f0a054a88845c5718b33b3a2) Importer(815301076,1909f56bfc062723c751e8b465ee728b)  -> (artifact id: '92ac920b6540845a600cb1cdcb185fcc') in 0.015042 seconds 
========================================================================
Received Import Request.
  Time since last request: 0.000016 seconds.
  path: Assets/Gothicvania-Town/Art/Environment/sliced-tileset/window-bars.png
  artifactKey: Guid(6c065a0a39cdb40e1903a66cd5c58495) Importer(815301076,1909f56bfc062723c751e8b465ee728b)
Start importing Assets/Gothicvania-Town/Art/Environment/sliced-tileset/window-bars.png using Guid(6c065a0a39cdb40e1903a66cd5c58495) Importer(815301076,1909f56bfc062723c751e8b465ee728b)  -> (artifact id: '77b75649a89e6f224d310713c52ea071') in 0.012678 seconds 
========================================================================
Received Import Request.
  Time since last request: 0.000016 seconds.
  path: Assets/Gothicvania-Town/Art/Environment/sliced-tileset/stairs-left.png
  artifactKey: Guid(9b3f5e3b1c9ca42abbd9656c79a457c1) Importer(815301076,1909f56bfc062723c751e8b465ee728b)
Start importing Assets/Gothicvania-Town/Art/Environment/sliced-tileset/stairs-left.png using Guid(9b3f5e3b1c9ca42abbd9656c79a457c1) Importer(815301076,1909f56bfc062723c751e8b465ee728b)  -> (artifact id: 'aa4029eebae8391d45f1bf2e8fb5af92') in 0.013724 seconds 
========================================================================
Received Import Request.
  Time since last request: 0.000018 seconds.
  path: Assets/Gothicvania-Town/Art/Environment/sliced-tileset/left-slope.png
  artifactKey: Guid(228689837deea4e14959af26c5733d51) Importer(815301076,1909f56bfc062723c751e8b465ee728b)
Start importing Assets/Gothicvania-Town/Art/Environment/sliced-tileset/left-slope.png using Guid(228689837deea4e14959af26c5733d51) Importer(815301076,1909f56bfc062723c751e8b465ee728b)  -> (artifact id: '7b6ba7295d919f652bf5608fbc00ddfb') in 0.011579 seconds 
========================================================================
Received Import Request.
  Time since last request: 80.762767 seconds.
  path: Assets/Palettes/house-a.asset
  artifactKey: Guid(1f854bbf67545524192f744fb482021e) Importer(815301076,1909f56bfc062723c751e8b465ee728b)
Start importing Assets/Palettes/house-a.asset using Guid(1f854bbf67545524192f744fb482021e) Importer(815301076,1909f56bfc062723c751e8b465ee728b)  -> (artifact id: '1d4d16daa7ade82b9945213d5684df35') in 0.013633 seconds 
========================================================================
Received Import Request.
  Time since last request: 3.862905 seconds.
  path: Assets/Palettes/house-b.asset
  artifactKey: Guid(51fca65279595334e85f69bd0b5fe598) Importer(815301076,1909f56bfc062723c751e8b465ee728b)
Start importing Assets/Palettes/house-b.asset using Guid(51fca65279595334e85f69bd0b5fe598) Importer(815301076,1909f56bfc062723c751e8b465ee728b)  -> (artifact id: '6c0ab6ed4e370ce5f001ca665da8ce2e') in 0.013085 seconds 
========================================================================
Received Import Request.
  Time since last request: 2.949374 seconds.
  path: Assets/Palettes/house-c.asset
  artifactKey: Guid(275a01ad94feb1e47a39458230f86c57) Importer(815301076,1909f56bfc062723c751e8b465ee728b)
Start importing Assets/Palettes/house-c.asset using Guid(275a01ad94feb1e47a39458230f86c57) Importer(815301076,1909f56bfc062723c751e8b465ee728b)  -> (artifact id: 'b1d0c797070f1833dda26ef3088fbee3') in 0.013253 seconds 
========================================================================
Received Import Request.
  Time since last request: 2.323181 seconds.
  path: Assets/Palettes/Ground.prefab
  artifactKey: Guid(41003fde087cc634dbf33328ddff0441) Importer(815301076,1909f56bfc062723c751e8b465ee728b)
Start importing Assets/Palettes/Ground.prefab using Guid(41003fde087cc634dbf33328ddff0441) Importer(815301076,1909f56bfc062723c751e8b465ee728b)  -> (artifact id: '7cd240199bf733a3e0da10aad7ddde15') in 0.037440 seconds 
========================================================================
Received Import Request.
  Time since last request: 24.662503 seconds.
  path: Assets/Palettes/Ground.prefab
  artifactKey: Guid(41003fde087cc634dbf33328ddff0441) Importer(815301076,1909f56bfc062723c751e8b465ee728b)
Start importing Assets/Palettes/Ground.prefab using Guid(41003fde087cc634dbf33328ddff0441) Importer(815301076,1909f56bfc062723c751e8b465ee728b)  -> (artifact id: '764855ac255e887c3fea84e23323d2c6') in 0.043793 seconds 
========================================================================
Received Import Request.
  Time since last request: 56.400543 seconds.
  path: Assets/Palettes/Ground.prefab
  artifactKey: Guid(41003fde087cc634dbf33328ddff0441) Importer(815301076,1909f56bfc062723c751e8b465ee728b)
Start importing Assets/Palettes/Ground.prefab using Guid(41003fde087cc634dbf33328ddff0441) Importer(815301076,1909f56bfc062723c751e8b465ee728b)  -> (artifact id: '9b48c02e9e1da81395052edcfd81a54f') in 0.041861 seconds 
========================================================================
Received Import Request.
  Time since last request: 9.635385 seconds.
  path: Assets/Palettes/Ground.prefab
  artifactKey: Guid(41003fde087cc634dbf33328ddff0441) Importer(815301076,1909f56bfc062723c751e8b465ee728b)
Start importing Assets/Palettes/Ground.prefab using Guid(41003fde087cc634dbf33328ddff0441) Importer(815301076,1909f56bfc062723c751e8b465ee728b)  -> (artifact id: 'cd4d92a628ee0269f7ac1ef037452fef') in 0.022987 seconds 
========================================================================
Received Import Request.
  Time since last request: 4.063436 seconds.
  path: Assets/Palettes/Ground.prefab
  artifactKey: Guid(41003fde087cc634dbf33328ddff0441) Importer(815301076,1909f56bfc062723c751e8b465ee728b)
Start importing Assets/Palettes/Ground.prefab using Guid(41003fde087cc634dbf33328ddff0441) Importer(815301076,1909f56bfc062723c751e8b465ee728b)  -> (artifact id: 'ea690412e66d918d15284528c93767e1') in 0.022770 seconds 
========================================================================
Received Import Request.
  Time since last request: 21.927835 seconds.
  path: Assets/Palettes/Ground.prefab
  artifactKey: Guid(41003fde087cc634dbf33328ddff0441) Importer(815301076,1909f56bfc062723c751e8b465ee728b)
Start importing Assets/Palettes/Ground.prefab using Guid(41003fde087cc634dbf33328ddff0441) Importer(815301076,1909f56bfc062723c751e8b465ee728b)  -> (artifact id: '3efe330d0cf640fd0309cf625da50fdb') in 0.022795 seconds 
========================================================================
Received Import Request.
  Time since last request: 6.772774 seconds.
  path: Assets/Palettes/Ground.prefab
  artifactKey: Guid(41003fde087cc634dbf33328ddff0441) Importer(815301076,1909f56bfc062723c751e8b465ee728b)
Start importing Assets/Palettes/Ground.prefab using Guid(41003fde087cc634dbf33328ddff0441) Importer(815301076,1909f56bfc062723c751e8b465ee728b)  -> (artifact id: 'e842c73d9c632567f9bba2edce9cd7fa') in 0.045192 seconds 
========================================================================
Received Import Request.
  Time since last request: 9.619158 seconds.
  path: Assets/Palettes/Ground.prefab
  artifactKey: Guid(41003fde087cc634dbf33328ddff0441) Importer(815301076,1909f56bfc062723c751e8b465ee728b)
Start importing Assets/Palettes/Ground.prefab using Guid(41003fde087cc634dbf33328ddff0441) Importer(815301076,1909f56bfc062723c751e8b465ee728b)  -> (artifact id: '91f4970192a0a9755cbcd37d6300da71') in 0.057322 seconds 
========================================================================
Received Import Request.
  Time since last request: 10.029853 seconds.
  path: Assets/Palettes/house-b.asset
  artifactKey: Guid(51fca65279595334e85f69bd0b5fe598) Importer(815301076,1909f56bfc062723c751e8b465ee728b)
Start importing Assets/Palettes/house-b.asset using Guid(51fca65279595334e85f69bd0b5fe598) Importer(815301076,1909f56bfc062723c751e8b465ee728b)  -> (artifact id: '4ab9912771344b25c642e4a0ddcecb31') in 0.012068 seconds 
========================================================================
Received Import Request.
  Time since last request: 4.500157 seconds.
  path: Assets/Palettes/house-c.asset
  artifactKey: Guid(275a01ad94feb1e47a39458230f86c57) Importer(815301076,1909f56bfc062723c751e8b465ee728b)
Start importing Assets/Palettes/house-c.asset using Guid(275a01ad94feb1e47a39458230f86c57) Importer(815301076,1909f56bfc062723c751e8b465ee728b)  -> (artifact id: 'b60c59d725f466680a984a0295326a81') in 0.018951 seconds 
========================================================================
Received Import Request.
  Time since last request: 224.400461 seconds.
  path: Assets/Palettes/Ground.prefab
  artifactKey: Guid(41003fde087cc634dbf33328ddff0441) Importer(815301076,1909f56bfc062723c751e8b465ee728b)
Start importing Assets/Palettes/Ground.prefab using Guid(41003fde087cc634dbf33328ddff0441) Importer(815301076,1909f56bfc062723c751e8b465ee728b)  -> (artifact id: 'e9ca19c96fabef82dfcfc157494906fb') in 0.037992 seconds 
========================================================================
Received Import Request.
  Time since last request: 16.297207 seconds.
  path: Assets/Palettes/Ground.prefab
  artifactKey: Guid(41003fde087cc634dbf33328ddff0441) Importer(815301076,1909f56bfc062723c751e8b465ee728b)
Start importing Assets/Palettes/Ground.prefab using Guid(41003fde087cc634dbf33328ddff0441) Importer(815301076,1909f56bfc062723c751e8b465ee728b)  -> (artifact id: '37051c4b359758f1612b50f9a1671421') in 0.021867 seconds 
========================================================================
Received Import Request.
  Time since last request: 6.666394 seconds.
  path: Assets/Palettes/house-b.asset
  artifactKey: Guid(51fca65279595334e85f69bd0b5fe598) Importer(815301076,1909f56bfc062723c751e8b465ee728b)
Start importing Assets/Palettes/house-b.asset using Guid(51fca65279595334e85f69bd0b5fe598) Importer(815301076,1909f56bfc062723c751e8b465ee728b)  -> (artifact id: '80c56d54b49b4e32f88ef556c2932aef') in 0.016650 seconds 
========================================================================
Received Import Request.
  Time since last request: 9.152748 seconds.
  path: Assets/Palettes/Ground.prefab
  artifactKey: Guid(41003fde087cc634dbf33328ddff0441) Importer(815301076,1909f56bfc062723c751e8b465ee728b)
Start importing Assets/Palettes/Ground.prefab using Guid(41003fde087cc634dbf33328ddff0441) Importer(815301076,1909f56bfc062723c751e8b465ee728b)  -> (artifact id: 'e2ad5ffa65a787f5e3a0fe731a929104') in 0.027817 seconds 
========================================================================
Received Import Request.
  Time since last request: 52.252112 seconds.
  path: Assets/Palettes/Ground.prefab
  artifactKey: Guid(41003fde087cc634dbf33328ddff0441) Importer(815301076,1909f56bfc062723c751e8b465ee728b)
Start importing Assets/Palettes/Ground.prefab using Guid(41003fde087cc634dbf33328ddff0441) Importer(815301076,1909f56bfc062723c751e8b465ee728b)  -> (artifact id: 'b187aeb3450ae58ace6459ee86185ee2') in 0.042540 seconds 
========================================================================
Received Import Request.
  Time since last request: 11.337408 seconds.
  path: Assets/Palettes/Ground.prefab
  artifactKey: Guid(41003fde087cc634dbf33328ddff0441) Importer(815301076,1909f56bfc062723c751e8b465ee728b)
Start importing Assets/Palettes/Ground.prefab using Guid(41003fde087cc634dbf33328ddff0441) Importer(815301076,1909f56bfc062723c751e8b465ee728b)  -> (artifact id: 'c01e3f6f25ff8287d7f996f633bd8baf') in 0.043860 seconds 
========================================================================
Received Import Request.
  Time since last request: 5.284626 seconds.
  path: Assets/Palettes/Ground.prefab
  artifactKey: Guid(41003fde087cc634dbf33328ddff0441) Importer(815301076,1909f56bfc062723c751e8b465ee728b)
Start importing Assets/Palettes/Ground.prefab using Guid(41003fde087cc634dbf33328ddff0441) Importer(815301076,1909f56bfc062723c751e8b465ee728b)  -> (artifact id: 'b4b20707f9c885d97c38baa0570bde9c') in 0.045266 seconds 
========================================================================
Received Import Request.
  Time since last request: 28.402982 seconds.
  path: Assets/Palettes/Ground.prefab
  artifactKey: Guid(41003fde087cc634dbf33328ddff0441) Importer(815301076,1909f56bfc062723c751e8b465ee728b)
Start importing Assets/Palettes/Ground.prefab using Guid(41003fde087cc634dbf33328ddff0441) Importer(815301076,1909f56bfc062723c751e8b465ee728b)  -> (artifact id: 'd093b0cb3be472ef9a76c467de7aa6d8') in 0.017977 seconds 
========================================================================
Received Import Request.
  Time since last request: 8.837454 seconds.
  path: Assets/Palettes/Ground.prefab
  artifactKey: Guid(41003fde087cc634dbf33328ddff0441) Importer(815301076,1909f56bfc062723c751e8b465ee728b)
Start importing Assets/Palettes/Ground.prefab using Guid(41003fde087cc634dbf33328ddff0441) Importer(815301076,1909f56bfc062723c751e8b465ee728b)  -> (artifact id: '0ee95ba018814eb01eb47052d64fe6a5') in 0.022520 seconds 
