Using pre-set license
Built from '2021.3/staging' branch; Version is '2021.3.22f1 (b6c551784ba3) revision 11978065'; Using compiler version '192829333'; Build Type 'Release'
OS: 'Windows 11  (10.0.22621) 64bit Core' Language: 'ko' Physical Memory: 32694 MB
BatchMode: 1, IsHumanControllingUs: 0, StartBugReporterOnCrash: 0, Is64bit: 1, IsPro: 1

COMMAND LINE ARGUMENTS:
C:\Program Files\Unity\Hub\Editor\2021.3.22f1\Editor\Unity.exe
-adb2
-batchMode
-noUpm
-name
AssetImportWorker2
-projectPath
C:/Users/PC/Documents/GitHub/RougeOut/RougeOutMap
-logFile
Logs/AssetImportWorker2.log
-srvPort
63427
Successfully changed project path to: C:/Users/PC/Documents/GitHub/RougeOut/RougeOutMap
C:/Users/PC/Documents/GitHub/RougeOut/RougeOutMap
[UnityMemory] Configuration Parameters - Can be set up in boot.config
    "memorysetup-bucket-allocator-granularity=16"
    "memorysetup-bucket-allocator-bucket-count=8"
    "memorysetup-bucket-allocator-block-size=33554432"
    "memorysetup-bucket-allocator-block-count=8"
    "memorysetup-main-allocator-block-size=16777216"
    "memorysetup-thread-allocator-block-size=16777216"
    "memorysetup-gfx-main-allocator-block-size=16777216"
    "memorysetup-gfx-thread-allocator-block-size=16777216"
    "memorysetup-cache-allocator-block-size=4194304"
    "memorysetup-typetree-allocator-block-size=2097152"
    "memorysetup-profiler-bucket-allocator-granularity=16"
    "memorysetup-profiler-bucket-allocator-bucket-count=8"
    "memorysetup-profiler-bucket-allocator-block-size=33554432"
    "memorysetup-profiler-bucket-allocator-block-count=8"
    "memorysetup-profiler-allocator-block-size=16777216"
    "memorysetup-profiler-editor-allocator-block-size=1048576"
    "memorysetup-temp-allocator-size-main=16777216"
    "memorysetup-job-temp-allocator-block-size=2097152"
    "memorysetup-job-temp-allocator-block-size-background=1048576"
    "memorysetup-job-temp-allocator-reduction-small-platforms=262144"
    "memorysetup-temp-allocator-size-background-worker=32768"
    "memorysetup-temp-allocator-size-job-worker=262144"
    "memorysetup-temp-allocator-size-preload-manager=33554432"
    "memorysetup-temp-allocator-size-nav-mesh-worker=65536"
    "memorysetup-temp-allocator-size-audio-worker=65536"
    "memorysetup-temp-allocator-size-cloud-worker=32768"
    "memorysetup-temp-allocator-size-gi-baking-worker=262144"
    "memorysetup-temp-allocator-size-gfx=262144"
Player connection [19508] Host "[IP] 192.168.0.14 [Port] 0 [Flags] 2 [Guid] 2565656723 [EditorId] 2565656723 [Version] 1048832 [Id] WindowsEditor(7,DESKTOP-U0DGVGN) [Debug] 1 [PackageName] WindowsEditor [ProjectName] Editor" joined multi-casting on [225.0.0.222:54997]...

Player connection [19508] Host "[IP] 192.168.0.14 [Port] 0 [Flags] 2 [Guid] 2565656723 [EditorId] 2565656723 [Version] 1048832 [Id] WindowsEditor(7,DESKTOP-U0DGVGN) [Debug] 1 [PackageName] WindowsEditor [ProjectName] Editor" joined alternative multi-casting on [225.0.0.222:34997]...

Refreshing native plugins compatible for Editor in 72.16 ms, found 4 plugins.
Preloading 0 native plugins for Editor in 0.00 ms.
Initialize engine version: 2021.3.22f1 (b6c551784ba3)
[Subsystems] Discovering subsystems at path C:/Program Files/Unity/Hub/Editor/2021.3.22f1/Editor/Data/Resources/UnitySubsystems
[Subsystems] Discovering subsystems at path C:/Users/PC/Documents/GitHub/RougeOut/RougeOutMap/Assets
GfxDevice: creating device client; threaded=0; jobified=0
Direct3D:
    Version:  Direct3D 11.0 [level 11.1]
    Renderer: NVIDIA GeForce RTX 3060 (ID=0x2504)
    Vendor:   NVIDIA
    VRAM:     12142 MB
    Driver:   31.0.15.1693
Initialize mono
Mono path[0] = 'C:/Program Files/Unity/Hub/Editor/2021.3.22f1/Editor/Data/Managed'
Mono path[1] = 'C:/Program Files/Unity/Hub/Editor/2021.3.22f1/Editor/Data/MonoBleedingEdge/lib/mono/unityjit-win32'
Mono config path = 'C:/Program Files/Unity/Hub/Editor/2021.3.22f1/Editor/Data/MonoBleedingEdge/etc'
Using monoOptions --debugger-agent=transport=dt_socket,embedding=1,server=y,suspend=n,address=127.0.0.1:56504
Begin MonoManager ReloadAssembly
Registering precompiled unity dll's ...
Register platform support module: C:/Program Files/Unity/Hub/Editor/2021.3.22f1/Editor/Data/PlaybackEngines/WindowsStandaloneSupport/UnityEditor.WindowsStandalone.Extensions.dll
Registered in 0.004548 seconds.
Native extension for WindowsStandalone target not found
Refreshing native plugins compatible for Editor in 65.31 ms, found 4 plugins.
Preloading 0 native plugins for Editor in 0.00 ms.
Mono: successfully reloaded assembly
- Completed reload, in  0.513 seconds
Domain Reload Profiling:
	ReloadAssembly (513ms)
		BeginReloadAssembly (80ms)
			ExecutionOrderSort (0ms)
			DisableScriptedObjects (0ms)
			BackupInstance (0ms)
			ReleaseScriptingObjects (0ms)
			CreateAndSetChildDomain (1ms)
		EndReloadAssembly (352ms)
			LoadAssemblies (79ms)
			RebuildTransferFunctionScriptingTraits (0ms)
			SetupTypeCache (83ms)
			ReleaseScriptCaches (0ms)
			RebuildScriptCaches (20ms)
			SetupLoadedEditorAssemblies (209ms)
				LogAssemblyErrors (0ms)
				InitializePlatformSupportModulesInManaged (6ms)
				SetLoadedEditorAssemblies (0ms)
				RefreshPlugins (65ms)
				BeforeProcessingInitializeOnLoad (1ms)
				ProcessInitializeOnLoadAttributes (95ms)
				ProcessInitializeOnLoadMethodAttributes (41ms)
				AfterProcessingInitializeOnLoad (0ms)
				EditorAssembliesLoaded (0ms)
			ExecutionOrderSort2 (0ms)
			AwakeInstancesAfterBackupRestoration (0ms)
Platform modules already initialized, skipping
Registering precompiled user dll's ...
Registered in 0.005682 seconds.
Begin MonoManager ReloadAssembly
Symbol file LoadedFromMemory doesn't match image C:\Users\PC\Documents\GitHub\RougeOut\RougeOutMap\Library\PackageCache\com.unity.visualscripting@1.8.0\Editor\VisualScripting.Core\Dependencies\YamlDotNet\Unity.VisualScripting.YamlDotNet.dll
Symbol file LoadedFromMemory doesn't match image C:\Users\PC\Documents\GitHub\RougeOut\RougeOutMap\Library\PackageCache\com.unity.visualscripting@1.8.0\Editor\VisualScripting.Core\Dependencies\DotNetZip\Unity.VisualScripting.IonicZip.dll
Native extension for WindowsStandalone target not found
Refreshing native plugins compatible for Editor in 67.16 ms, found 4 plugins.
Preloading 0 native plugins for Editor in 0.00 ms.
Mono: successfully reloaded assembly
- Completed reload, in  0.883 seconds
Domain Reload Profiling:
	ReloadAssembly (884ms)
		BeginReloadAssembly (94ms)
			ExecutionOrderSort (0ms)
			DisableScriptedObjects (4ms)
			BackupInstance (0ms)
			ReleaseScriptingObjects (0ms)
			CreateAndSetChildDomain (15ms)
		EndReloadAssembly (706ms)
			LoadAssemblies (83ms)
			RebuildTransferFunctionScriptingTraits (0ms)
			SetupTypeCache (199ms)
			ReleaseScriptCaches (1ms)
			RebuildScriptCaches (41ms)
			SetupLoadedEditorAssemblies (346ms)
				LogAssemblyErrors (0ms)
				InitializePlatformSupportModulesInManaged (3ms)
				SetLoadedEditorAssemblies (0ms)
				RefreshPlugins (67ms)
				BeforeProcessingInitializeOnLoad (66ms)
				ProcessInitializeOnLoadAttributes (177ms)
				ProcessInitializeOnLoadMethodAttributes (28ms)
				AfterProcessingInitializeOnLoad (5ms)
				EditorAssembliesLoaded (0ms)
			ExecutionOrderSort2 (0ms)
			AwakeInstancesAfterBackupRestoration (9ms)
Platform modules already initialized, skipping
========================================================================
Worker process is ready to serve import requests
Launched and connected shader compiler UnityShaderCompiler.exe after 0.05 seconds
Refreshing native plugins compatible for Editor in 0.77 ms, found 4 plugins.
Preloading 0 native plugins for Editor in 0.00 ms.
Unloading 3735 Unused Serialized files (Serialized files now loaded: 0)
Unloading 41 unused Assets / (229.0 KB). Loaded Objects now: 4189.
Memory consumption went from 142.7 MB to 142.5 MB.
Total: 3.080000 ms (FindLiveObjects: 0.257000 ms CreateObjectMapping: 0.095600 ms MarkObjects: 2.597400 ms  DeleteObjects: 0.129200 ms)

AssetImportParameters requested are different than current active one (requested -> active):
  custom:video-decoder-ogg-theora: a1e56fd34408186e4bbccfd4996cb3dc -> 
  custom:container-muxer-webm: aa71ff27fc2769a1b78a27578f13a17b -> 
  custom:container-demuxer-webm: 4f35f7cbe854078d1ac9338744f61a02 -> 
  custom:video-encoder-webm-vp8: eb34c28f22e8b96e1ab97ce403110664 -> 
  custom:audio-encoder-webm-vorbis: bf7c407c2cedff20999df2af8eb42d56 -> 
  custom:framework-win-MediaFoundation: 216162199b28c13a410421893ffa2e32 -> 
  custom:container-demuxer-ogg: 62fdf1f143b41e24485cea50d1cbac27 -> 
  custom:video-decoder-webm-vp8: 9c59270c3fd7afecdb556c50c9e8de78 -> 
  custom:audio-decoder-ogg-vorbis: bf7c407c2cedff20999df2af8eb42d56 -> 
========================================================================
Received Import Request.
  Time since last request: 2107232.718607 seconds.
  path: Assets/Gothicvania-Town/Art/Sprites/hat-man-idle
  artifactKey: Guid(672e55a965f644932ba37c62c989e237) Importer(815301076,1909f56bfc062723c751e8b465ee728b)
Start importing Assets/Gothicvania-Town/Art/Sprites/hat-man-idle using Guid(672e55a965f644932ba37c62c989e237) Importer(815301076,1909f56bfc062723c751e8b465ee728b)  -> (artifact id: '98d8bf4312c30e03ac8bd0fd9198d342') in 0.014259 seconds 
========================================================================
Received Import Request.
  Time since last request: 0.028562 seconds.
  path: Assets/Gothicvania-Town/Art/Sprites/hat-man-idle/hat-man-idle-1.png
  artifactKey: Guid(a6adcfb84d9054ac486ef7a10722243d) Importer(815301076,1909f56bfc062723c751e8b465ee728b)
Start importing Assets/Gothicvania-Town/Art/Sprites/hat-man-idle/hat-man-idle-1.png using Guid(a6adcfb84d9054ac486ef7a10722243d) Importer(815301076,1909f56bfc062723c751e8b465ee728b)  -> (artifact id: '335c6c778c79e4cd9dcbea6aea562fae') in 0.093327 seconds 
========================================================================
Received Import Request.
  Time since last request: 0.996159 seconds.
  path: Assets/Gothicvania-Town/Art/Sprites/hat-man-walk
  artifactKey: Guid(af9fb62ad0683459fb0707715faf326f) Importer(815301076,1909f56bfc062723c751e8b465ee728b)
Start importing Assets/Gothicvania-Town/Art/Sprites/hat-man-walk using Guid(af9fb62ad0683459fb0707715faf326f) Importer(815301076,1909f56bfc062723c751e8b465ee728b)  -> (artifact id: '11c69588c881d71c4b285a1b16dd9607') in 0.009329 seconds 
========================================================================
Received Import Request.
  Time since last request: 0.043288 seconds.
  path: Assets/Gothicvania-Town/Art/Sprites/hat-man-walk/hat-man-walk-1.png
  artifactKey: Guid(84c76ead687fd4774b85e6e8c56fe2b2) Importer(815301076,1909f56bfc062723c751e8b465ee728b)
Start importing Assets/Gothicvania-Town/Art/Sprites/hat-man-walk/hat-man-walk-1.png using Guid(84c76ead687fd4774b85e6e8c56fe2b2) Importer(815301076,1909f56bfc062723c751e8b465ee728b)  -> (artifact id: 'bf548a9897f3b172326d11def6144d76') in 0.012618 seconds 
========================================================================
Received Import Request.
  Time since last request: 0.000016 seconds.
  path: Assets/Gothicvania-Town/Art/Sprites/hat-man-walk/hat-man-walk-4.png
  artifactKey: Guid(f44b19ddd98454d4b9dfcfa5db94d9b4) Importer(815301076,1909f56bfc062723c751e8b465ee728b)
Start importing Assets/Gothicvania-Town/Art/Sprites/hat-man-walk/hat-man-walk-4.png using Guid(f44b19ddd98454d4b9dfcfa5db94d9b4) Importer(815301076,1909f56bfc062723c751e8b465ee728b)  -> (artifact id: 'b7935891370cb16647cba37fdad15568') in 0.013103 seconds 
========================================================================
Received Import Request.
  Time since last request: 1.541197 seconds.
  path: Assets/Gothicvania-Town/Art/Sprites/oldman-idle
  artifactKey: Guid(0a6aabd9d8e7d47abb4ab4a74e8f3d30) Importer(815301076,1909f56bfc062723c751e8b465ee728b)
Start importing Assets/Gothicvania-Town/Art/Sprites/oldman-idle using Guid(0a6aabd9d8e7d47abb4ab4a74e8f3d30) Importer(815301076,1909f56bfc062723c751e8b465ee728b)  -> (artifact id: 'a8ad3d388e76025de917506ad05c7d34') in 0.008822 seconds 
========================================================================
Received Import Request.
  Time since last request: 0.042049 seconds.
  path: Assets/Gothicvania-Town/Art/Sprites/oldman-idle/oldman-idle-1.png
  artifactKey: Guid(8b2704248651b4c8c84168c5fe44bcf2) Importer(815301076,1909f56bfc062723c751e8b465ee728b)
Start importing Assets/Gothicvania-Town/Art/Sprites/oldman-idle/oldman-idle-1.png using Guid(8b2704248651b4c8c84168c5fe44bcf2) Importer(815301076,1909f56bfc062723c751e8b465ee728b)  -> (artifact id: '25d967548b782e3dccf49eddb9074982') in 0.015187 seconds 
========================================================================
Received Import Request.
  Time since last request: 0.000014 seconds.
  path: Assets/Gothicvania-Town/Art/Sprites/oldman-idle/oldman-idle-8.png
  artifactKey: Guid(df829da9f5dcc433b84808a69d2fdbad) Importer(815301076,1909f56bfc062723c751e8b465ee728b)
Start importing Assets/Gothicvania-Town/Art/Sprites/oldman-idle/oldman-idle-8.png using Guid(df829da9f5dcc433b84808a69d2fdbad) Importer(815301076,1909f56bfc062723c751e8b465ee728b)  -> (artifact id: '4c22d0e915d6cd9a0e225b8222c534f1') in 0.012913 seconds 
========================================================================
Received Import Request.
  Time since last request: 1.119722 seconds.
  path: Assets/Gothicvania-Town/Art/Sprites/oldman-walk
  artifactKey: Guid(fb42a414ebce445fa81e4ca6a773a463) Importer(815301076,1909f56bfc062723c751e8b465ee728b)
Start importing Assets/Gothicvania-Town/Art/Sprites/oldman-walk using Guid(fb42a414ebce445fa81e4ca6a773a463) Importer(815301076,1909f56bfc062723c751e8b465ee728b)  -> (artifact id: '4f028ae55133639e5efe12d92bbcb317') in 0.009434 seconds 
========================================================================
Received Import Request.
  Time since last request: 0.044389 seconds.
  path: Assets/Gothicvania-Town/Art/Sprites/oldman-walk/oldman-walk-1.png
  artifactKey: Guid(8dfb0a387557b47da87726f9e1f915fe) Importer(815301076,1909f56bfc062723c751e8b465ee728b)
Start importing Assets/Gothicvania-Town/Art/Sprites/oldman-walk/oldman-walk-1.png using Guid(8dfb0a387557b47da87726f9e1f915fe) Importer(815301076,1909f56bfc062723c751e8b465ee728b)  -> (artifact id: '7495f112dff322ebd3eadd2fbe63137f') in 0.017471 seconds 
========================================================================
Received Import Request.
  Time since last request: 0.000015 seconds.
  path: Assets/Gothicvania-Town/Art/Sprites/oldman-walk/oldman-walk-6.png
  artifactKey: Guid(873b78c6aa8bd415695c21295f0021e5) Importer(815301076,1909f56bfc062723c751e8b465ee728b)
Start importing Assets/Gothicvania-Town/Art/Sprites/oldman-walk/oldman-walk-6.png using Guid(873b78c6aa8bd415695c21295f0021e5) Importer(815301076,1909f56bfc062723c751e8b465ee728b)  -> (artifact id: '7157e1f6437e543f33fe9a62d1c3b629') in 0.012543 seconds 
========================================================================
Received Import Request.
  Time since last request: 0.000016 seconds.
  path: Assets/Gothicvania-Town/Art/Sprites/oldman-walk/oldman-walk-11.png
  artifactKey: Guid(9c8ab015f0f7e4d048349366ee679547) Importer(815301076,1909f56bfc062723c751e8b465ee728b)
Start importing Assets/Gothicvania-Town/Art/Sprites/oldman-walk/oldman-walk-11.png using Guid(9c8ab015f0f7e4d048349366ee679547) Importer(815301076,1909f56bfc062723c751e8b465ee728b)  -> (artifact id: 'a32f256df1111952e52fce04aad864dc') in 0.012273 seconds 
========================================================================
Received Import Request.
  Time since last request: 0.000014 seconds.
  path: Assets/Gothicvania-Town/Art/Sprites/oldman-walk/oldman-walk-5.png
  artifactKey: Guid(0d9c37982014149b1b4d5930aa37678a) Importer(815301076,1909f56bfc062723c751e8b465ee728b)
Start importing Assets/Gothicvania-Town/Art/Sprites/oldman-walk/oldman-walk-5.png using Guid(0d9c37982014149b1b4d5930aa37678a) Importer(815301076,1909f56bfc062723c751e8b465ee728b)  -> (artifact id: '3180034a95074bf4f764625087b1e93f') in 0.013011 seconds 
========================================================================
Received Import Request.
  Time since last request: 0.991565 seconds.
  path: Assets/Gothicvania-Town/Art/Sprites/woman-idle
  artifactKey: Guid(40c78764fbb6c4bca858556e5035f02d) Importer(815301076,1909f56bfc062723c751e8b465ee728b)
Start importing Assets/Gothicvania-Town/Art/Sprites/woman-idle using Guid(40c78764fbb6c4bca858556e5035f02d) Importer(815301076,1909f56bfc062723c751e8b465ee728b)  -> (artifact id: 'cb752f985026fbb239f73dbe312cd617') in 0.008097 seconds 
========================================================================
Received Import Request.
  Time since last request: 0.048442 seconds.
  path: Assets/Gothicvania-Town/Art/Sprites/woman-idle/woman-idle-1.png
  artifactKey: Guid(9028111435c6746acb60089b99efcf8f) Importer(815301076,1909f56bfc062723c751e8b465ee728b)
Start importing Assets/Gothicvania-Town/Art/Sprites/woman-idle/woman-idle-1.png using Guid(9028111435c6746acb60089b99efcf8f) Importer(815301076,1909f56bfc062723c751e8b465ee728b)  -> (artifact id: '27083403594487225c0aad28b07ad5e6') in 0.018208 seconds 
========================================================================
Received Import Request.
  Time since last request: 0.000014 seconds.
  path: Assets/Gothicvania-Town/Art/Sprites/woman-idle/woman-idle-5.png
  artifactKey: Guid(e1eceae9a396141fdabdbc6e2b3e9ba8) Importer(815301076,1909f56bfc062723c751e8b465ee728b)
Start importing Assets/Gothicvania-Town/Art/Sprites/woman-idle/woman-idle-5.png using Guid(e1eceae9a396141fdabdbc6e2b3e9ba8) Importer(815301076,1909f56bfc062723c751e8b465ee728b)  -> (artifact id: '15067f7ee4d109b2c24367b1d3ec3392') in 0.012556 seconds 
========================================================================
Received Import Request.
  Time since last request: 0.968681 seconds.
  path: Assets/Gothicvania-Town/Art/Sprites/woman-walk
  artifactKey: Guid(bc399752b1ea041d9bf54f048c5a6b6c) Importer(815301076,1909f56bfc062723c751e8b465ee728b)
Start importing Assets/Gothicvania-Town/Art/Sprites/woman-walk using Guid(bc399752b1ea041d9bf54f048c5a6b6c) Importer(815301076,1909f56bfc062723c751e8b465ee728b)  -> (artifact id: '99370d578fbcd9f8748a2969b4bd6c9e') in 0.008323 seconds 
========================================================================
Received Import Request.
  Time since last request: 0.042104 seconds.
  path: Assets/Gothicvania-Town/Art/Sprites/woman-walk/woman-walk-1.png
  artifactKey: Guid(cf4eda157873a45cbba7857a92a403b8) Importer(815301076,1909f56bfc062723c751e8b465ee728b)
Start importing Assets/Gothicvania-Town/Art/Sprites/woman-walk/woman-walk-1.png using Guid(cf4eda157873a45cbba7857a92a403b8) Importer(815301076,1909f56bfc062723c751e8b465ee728b)  -> (artifact id: 'c9b2afb1a054336f32a372d5350e6edd') in 0.014497 seconds 
========================================================================
Received Import Request.
  Time since last request: 0.000015 seconds.
  path: Assets/Gothicvania-Town/Art/Sprites/woman-walk/woman-walk-5.png
  artifactKey: Guid(101eeb5d0bcf44dd58deba55044073fb) Importer(815301076,1909f56bfc062723c751e8b465ee728b)
Start importing Assets/Gothicvania-Town/Art/Sprites/woman-walk/woman-walk-5.png using Guid(101eeb5d0bcf44dd58deba55044073fb) Importer(815301076,1909f56bfc062723c751e8b465ee728b)  -> (artifact id: 'b478883d4606f716db9bb02dc5c204da') in 0.011956 seconds 
========================================================================
Received Import Request.
  Time since last request: 2.619631 seconds.
  path: Assets/Gothicvania-Town/Art/Environment
  artifactKey: Guid(cacac7448af584745afc5a19a0ece429) Importer(815301076,1909f56bfc062723c751e8b465ee728b)
Start importing Assets/Gothicvania-Town/Art/Environment using Guid(cacac7448af584745afc5a19a0ece429) Importer(815301076,1909f56bfc062723c751e8b465ee728b)  -> (artifact id: '15155b81776a4642f4286f5ebf330cbc') in 0.008259 seconds 
========================================================================
Received Import Request.
  Time since last request: 1.719242 seconds.
  path: Assets/Gothicvania-Town/Art/Environment/props-sliced
  artifactKey: Guid(8a0b401e75ebf4a068d03ea8f8c2f8a2) Importer(815301076,1909f56bfc062723c751e8b465ee728b)
Start importing Assets/Gothicvania-Town/Art/Environment/props-sliced using Guid(8a0b401e75ebf4a068d03ea8f8c2f8a2) Importer(815301076,1909f56bfc062723c751e8b465ee728b)  -> (artifact id: 'ee09e9f56c8d312b588134afd88b19d0') in 0.008137 seconds 
========================================================================
Received Import Request.
  Time since last request: 0.044759 seconds.
  path: Assets/Gothicvania-Town/Art/Environment/props-sliced/barrel.png
  artifactKey: Guid(a29c023f27ad34e45852863a878d1984) Importer(815301076,1909f56bfc062723c751e8b465ee728b)
Start importing Assets/Gothicvania-Town/Art/Environment/props-sliced/barrel.png using Guid(a29c023f27ad34e45852863a878d1984) Importer(815301076,1909f56bfc062723c751e8b465ee728b)  -> (artifact id: '3c8701cf1a8ce1c38cc04163bf562969') in 0.015668 seconds 
========================================================================
Received Import Request.
  Time since last request: 0.000018 seconds.
  path: Assets/Gothicvania-Town/Art/Environment/props-sliced/house-b.png
  artifactKey: Guid(fa534a63c52e442fab833f8c4c218610) Importer(815301076,1909f56bfc062723c751e8b465ee728b)
Start importing Assets/Gothicvania-Town/Art/Environment/props-sliced/house-b.png using Guid(fa534a63c52e442fab833f8c4c218610) Importer(815301076,1909f56bfc062723c751e8b465ee728b)  -> (artifact id: '2792db7ab6c0e5a3a684412173c7a79f') in 0.015157 seconds 
========================================================================
Received Import Request.
  Time since last request: 0.000017 seconds.
  path: Assets/Gothicvania-Town/Art/Environment/props-sliced/street-lamp.png
  artifactKey: Guid(4f21d02d3ca1c4521bbeffb4c158b72e) Importer(815301076,1909f56bfc062723c751e8b465ee728b)
Start importing Assets/Gothicvania-Town/Art/Environment/props-sliced/street-lamp.png using Guid(4f21d02d3ca1c4521bbeffb4c158b72e) Importer(815301076,1909f56bfc062723c751e8b465ee728b)  -> (artifact id: 'e132ba8ccd80f83ae410d6b870d059df') in 0.012047 seconds 
========================================================================
Received Import Request.
  Time since last request: 30.965254 seconds.
  path: Assets/Gothicvania-Town/Art/Environment/sliced-tileset
  artifactKey: Guid(ac90af55ee081428093c363bcac479be) Importer(815301076,1909f56bfc062723c751e8b465ee728b)
Start importing Assets/Gothicvania-Town/Art/Environment/sliced-tileset using Guid(ac90af55ee081428093c363bcac479be) Importer(815301076,1909f56bfc062723c751e8b465ee728b)  -> (artifact id: 'fa722f153a6df747885ada22ab69970f') in 0.009329 seconds 
========================================================================
Received Import Request.
  Time since last request: 0.027447 seconds.
  path: Assets/Gothicvania-Town/Art/Environment/sliced-tileset/ground-b.png
  artifactKey: Guid(c1a385a8c5e9341289e2da2aee5323e4) Importer(815301076,1909f56bfc062723c751e8b465ee728b)
Start importing Assets/Gothicvania-Town/Art/Environment/sliced-tileset/ground-b.png using Guid(c1a385a8c5e9341289e2da2aee5323e4) Importer(815301076,1909f56bfc062723c751e8b465ee728b)  -> (artifact id: '287e7a56c529152699841d85c4eed4b1') in 0.023905 seconds 
========================================================================
Received Import Request.
  Time since last request: 0.000014 seconds.
  path: Assets/Gothicvania-Town/Art/Environment/sliced-tileset/window.png
  artifactKey: Guid(cae3fd9ef702e4c01a8eac69044d2213) Importer(815301076,1909f56bfc062723c751e8b465ee728b)
Start importing Assets/Gothicvania-Town/Art/Environment/sliced-tileset/window.png using Guid(cae3fd9ef702e4c01a8eac69044d2213) Importer(815301076,1909f56bfc062723c751e8b465ee728b)  -> (artifact id: 'eaba70f91ec820305fac42fbe7fe9121') in 0.028316 seconds 
========================================================================
Received Import Request.
  Time since last request: 0.000015 seconds.
  path: Assets/Gothicvania-Town/Art/Environment/sliced-tileset/right-corner.png
  artifactKey: Guid(af4e3be53e9b641998a9eace67f71d7c) Importer(815301076,1909f56bfc062723c751e8b465ee728b)
Start importing Assets/Gothicvania-Town/Art/Environment/sliced-tileset/right-corner.png using Guid(af4e3be53e9b641998a9eace67f71d7c) Importer(815301076,1909f56bfc062723c751e8b465ee728b)  -> (artifact id: '41db66416393a25b3847209335efe12a') in 0.066277 seconds 
========================================================================
Received Import Request.
  Time since last request: 0.000015 seconds.
  path: Assets/Gothicvania-Town/Art/Environment/sliced-tileset/stairs.png
  artifactKey: Guid(0c95c58df137b491cb57ba2b40550c49) Importer(815301076,1909f56bfc062723c751e8b465ee728b)
Start importing Assets/Gothicvania-Town/Art/Environment/sliced-tileset/stairs.png using Guid(0c95c58df137b491cb57ba2b40550c49) Importer(815301076,1909f56bfc062723c751e8b465ee728b)  -> (artifact id: '3a3ba55612e262aaef6dcbb4fe9f5b86') in 0.060335 seconds 
========================================================================
Received Import Request.
  Time since last request: 0.000028 seconds.
  path: Assets/Gothicvania-Town/Art/Environment/sliced-tileset/ground-wall.png
  artifactKey: Guid(7a1e748b2d0de479eb4954a6b60720f1) Importer(815301076,1909f56bfc062723c751e8b465ee728b)
Start importing Assets/Gothicvania-Town/Art/Environment/sliced-tileset/ground-wall.png using Guid(7a1e748b2d0de479eb4954a6b60720f1) Importer(815301076,1909f56bfc062723c751e8b465ee728b)  -> (artifact id: 'e0cbe690594ba04ccc81070332aa607d') in 0.038736 seconds 
========================================================================
Received Import Request.
  Time since last request: 0.000014 seconds.
  path: Assets/Gothicvania-Town/Art/Environment/sliced-tileset/stairs-right.png
  artifactKey: Guid(d9f50f119881d4482b730509af83ef67) Importer(815301076,1909f56bfc062723c751e8b465ee728b)
Start importing Assets/Gothicvania-Town/Art/Environment/sliced-tileset/stairs-right.png using Guid(d9f50f119881d4482b730509af83ef67) Importer(815301076,1909f56bfc062723c751e8b465ee728b)  -> (artifact id: '598b512c8dfe765d5eacae3c62e5b405') in 0.047140 seconds 
========================================================================
Received Import Request.
  Time since last request: 0.000016 seconds.
  path: Assets/Gothicvania-Town/Art/Environment/sliced-tileset/top-right-wood.png
  artifactKey: Guid(edac48a28c5cd4707ba4047dfe4f451d) Importer(815301076,1909f56bfc062723c751e8b465ee728b)
Start importing Assets/Gothicvania-Town/Art/Environment/sliced-tileset/top-right-wood.png using Guid(edac48a28c5cd4707ba4047dfe4f451d) Importer(815301076,1909f56bfc062723c751e8b465ee728b)  -> (artifact id: 'e43cf87d6f2948ee87480e1ce00a034a') in 0.013709 seconds 
========================================================================
Received Import Request.
  Time since last request: 0.000017 seconds.
  path: Assets/Gothicvania-Town/Art/Environment/sliced-tileset/stairs-wall-left.png
  artifactKey: Guid(1303765b3aff140c8a481f5450035d08) Importer(815301076,1909f56bfc062723c751e8b465ee728b)
Start importing Assets/Gothicvania-Town/Art/Environment/sliced-tileset/stairs-wall-left.png using Guid(1303765b3aff140c8a481f5450035d08) Importer(815301076,1909f56bfc062723c751e8b465ee728b)  -> (artifact id: '2eac411c0c72c33667f03ac2f5fada1d') in 0.014335 seconds 
========================================================================
Received Import Request.
  Time since last request: 37.898894 seconds.
  path: Assets/Palettes/house-a.png
  artifactKey: Guid(21abe1840c80aa74786496514b90c8fb) Importer(815301076,1909f56bfc062723c751e8b465ee728b)
Start importing Assets/Palettes/house-a.png using Guid(21abe1840c80aa74786496514b90c8fb) Importer(815301076,1909f56bfc062723c751e8b465ee728b)  -> (artifact id: '58c22cdad8fa36c6d302ab4b37b93a20') in 0.014353 seconds 
========================================================================
Received Import Request.
  Time since last request: 4.597622 seconds.
  path: Assets/Palettes/house-b.png
  artifactKey: Guid(e28f61b3bae7a614894709a61883f034) Importer(815301076,1909f56bfc062723c751e8b465ee728b)
Start importing Assets/Palettes/house-b.png using Guid(e28f61b3bae7a614894709a61883f034) Importer(815301076,1909f56bfc062723c751e8b465ee728b)  -> (artifact id: 'df520f8dbc904220f9966e5d452912ac') in 0.019817 seconds 
========================================================================
Received Import Request.
  Time since last request: 3.311742 seconds.
  path: Assets/Palettes/house-c.png
  artifactKey: Guid(aa70b9626c8895742afb8f4cfb1c5e8a) Importer(815301076,1909f56bfc062723c751e8b465ee728b)
Start importing Assets/Palettes/house-c.png using Guid(aa70b9626c8895742afb8f4cfb1c5e8a) Importer(815301076,1909f56bfc062723c751e8b465ee728b)  -> (artifact id: 'a057e41567fad1672d36f1efe25b6bc2') in 0.019331 seconds 
========================================================================
Received Import Request.
  Time since last request: 15.173150 seconds.
  path: Assets/Palettes/crate-stack.png
  artifactKey: Guid(a3570b7b14db6134aa70811ede024a52) Importer(815301076,1909f56bfc062723c751e8b465ee728b)
Start importing Assets/Palettes/crate-stack.png using Guid(a3570b7b14db6134aa70811ede024a52) Importer(815301076,1909f56bfc062723c751e8b465ee728b)  -> (artifact id: 'efd52362f1652551e6894a09b80fa7b1') in 0.015089 seconds 
========================================================================
Received Import Request.
  Time since last request: 19.710459 seconds.
  path: Assets/Palettes/Ground.prefab
  artifactKey: Guid(41003fde087cc634dbf33328ddff0441) Importer(815301076,1909f56bfc062723c751e8b465ee728b)
Start importing Assets/Palettes/Ground.prefab using Guid(41003fde087cc634dbf33328ddff0441) Importer(815301076,1909f56bfc062723c751e8b465ee728b)  -> (artifact id: '3b5affb6ec894db8e5238f7aa7f6183e') in 0.054565 seconds 
========================================================================
Received Import Request.
  Time since last request: 3.822161 seconds.
  path: Assets/Palettes/Ground.prefab
  artifactKey: Guid(41003fde087cc634dbf33328ddff0441) Importer(815301076,1909f56bfc062723c751e8b465ee728b)
Start importing Assets/Palettes/Ground.prefab using Guid(41003fde087cc634dbf33328ddff0441) Importer(815301076,1909f56bfc062723c751e8b465ee728b)  -> (artifact id: 'bb3f30629dc9df2d5c6a5b3bb577493c') in 0.022156 seconds 
========================================================================
Received Import Request.
  Time since last request: 2.939827 seconds.
  path: Assets/Palettes/Ground.prefab
  artifactKey: Guid(41003fde087cc634dbf33328ddff0441) Importer(815301076,1909f56bfc062723c751e8b465ee728b)
Start importing Assets/Palettes/Ground.prefab using Guid(41003fde087cc634dbf33328ddff0441) Importer(815301076,1909f56bfc062723c751e8b465ee728b)  -> (artifact id: 'ee2a798e94638eac58e5d1623cc816ae') in 0.023265 seconds 
========================================================================
Received Import Request.
  Time since last request: 2.312909 seconds.
  path: Assets/Palettes/crate-stack.asset
  artifactKey: Guid(e6ab0f2187aff4a41945799f9081d135) Importer(815301076,1909f56bfc062723c751e8b465ee728b)
Start importing Assets/Palettes/crate-stack.asset using Guid(e6ab0f2187aff4a41945799f9081d135) Importer(815301076,1909f56bfc062723c751e8b465ee728b)  -> (artifact id: '0a7506a292d8a4129b7cb9d366d96058') in 0.012090 seconds 
========================================================================
Received Import Request.
  Time since last request: 24.674933 seconds.
  path: Assets/Palettes/house-a.png
  artifactKey: Guid(21abe1840c80aa74786496514b90c8fb) Importer(815301076,1909f56bfc062723c751e8b465ee728b)
Start importing Assets/Palettes/house-a.png using Guid(21abe1840c80aa74786496514b90c8fb) Importer(815301076,1909f56bfc062723c751e8b465ee728b)  -> (artifact id: '472535ddf6afd01273e87a49e5437412') in 0.015850 seconds 
========================================================================
Received Import Request.
  Time since last request: 0.000012 seconds.
  path: Assets/Palettes/house-a.asset
  artifactKey: Guid(1f854bbf67545524192f744fb482021e) Importer(815301076,1909f56bfc062723c751e8b465ee728b)
Start importing Assets/Palettes/house-a.asset using Guid(1f854bbf67545524192f744fb482021e) Importer(815301076,1909f56bfc062723c751e8b465ee728b)  -> (artifact id: 'b00e6c15d818049607b9c3e55560a84e') in 0.028158 seconds 
========================================================================
Received Import Request.
  Time since last request: 56.397524 seconds.
  path: Assets/Palettes/house-a.png
  artifactKey: Guid(21abe1840c80aa74786496514b90c8fb) Importer(815301076,1909f56bfc062723c751e8b465ee728b)
Start importing Assets/Palettes/house-a.png using Guid(21abe1840c80aa74786496514b90c8fb) Importer(815301076,1909f56bfc062723c751e8b465ee728b)  -> (artifact id: 'de4053dab0e1daca94c33b74ce7e2094') in 0.016246 seconds 
========================================================================
Received Import Request.
  Time since last request: 0.000020 seconds.
  path: Assets/Palettes/house-a.asset
  artifactKey: Guid(1f854bbf67545524192f744fb482021e) Importer(815301076,1909f56bfc062723c751e8b465ee728b)
Start importing Assets/Palettes/house-a.asset using Guid(1f854bbf67545524192f744fb482021e) Importer(815301076,1909f56bfc062723c751e8b465ee728b)  -> (artifact id: 'f9a1c7b2c6e79159afe9be5b4d9d3b90') in 0.024324 seconds 
========================================================================
Received Import Request.
  Time since last request: 9.632811 seconds.
  path: Assets/Palettes/house-a.png
  artifactKey: Guid(21abe1840c80aa74786496514b90c8fb) Importer(815301076,1909f56bfc062723c751e8b465ee728b)
Start importing Assets/Palettes/house-a.png using Guid(21abe1840c80aa74786496514b90c8fb) Importer(815301076,1909f56bfc062723c751e8b465ee728b)  -> (artifact id: '8266c61fa0931e86ab4c1a533f470c8a') in 0.014527 seconds 
========================================================================
Received Import Request.
  Time since last request: 0.000013 seconds.
  path: Assets/Palettes/house-a.asset
  artifactKey: Guid(1f854bbf67545524192f744fb482021e) Importer(815301076,1909f56bfc062723c751e8b465ee728b)
Start importing Assets/Palettes/house-a.asset using Guid(1f854bbf67545524192f744fb482021e) Importer(815301076,1909f56bfc062723c751e8b465ee728b)  -> (artifact id: '686106e8c1409c345cb13910263f4733') in 0.017598 seconds 
========================================================================
Received Import Request.
  Time since last request: 4.050532 seconds.
  path: Assets/Palettes/house-a.png
  artifactKey: Guid(21abe1840c80aa74786496514b90c8fb) Importer(815301076,1909f56bfc062723c751e8b465ee728b)
Start importing Assets/Palettes/house-a.png using Guid(21abe1840c80aa74786496514b90c8fb) Importer(815301076,1909f56bfc062723c751e8b465ee728b)  -> (artifact id: '547ea66a408beeb6f8709b6c14273fcd') in 0.013451 seconds 
========================================================================
Received Import Request.
  Time since last request: 0.000013 seconds.
  path: Assets/Palettes/house-a.asset
  artifactKey: Guid(1f854bbf67545524192f744fb482021e) Importer(815301076,1909f56bfc062723c751e8b465ee728b)
Start importing Assets/Palettes/house-a.asset using Guid(1f854bbf67545524192f744fb482021e) Importer(815301076,1909f56bfc062723c751e8b465ee728b)  -> (artifact id: '91e99c534ffae46a95384c4c95c5a5eb') in 0.012747 seconds 
========================================================================
Received Import Request.
  Time since last request: 21.922872 seconds.
  path: Assets/Palettes/house-a.png
  artifactKey: Guid(21abe1840c80aa74786496514b90c8fb) Importer(815301076,1909f56bfc062723c751e8b465ee728b)
Start importing Assets/Palettes/house-a.png using Guid(21abe1840c80aa74786496514b90c8fb) Importer(815301076,1909f56bfc062723c751e8b465ee728b)  -> (artifact id: 'aa9b6809b3893375500bf836e971abe6') in 0.013405 seconds 
========================================================================
Received Import Request.
  Time since last request: 0.000012 seconds.
  path: Assets/Palettes/house-a.asset
  artifactKey: Guid(1f854bbf67545524192f744fb482021e) Importer(815301076,1909f56bfc062723c751e8b465ee728b)
Start importing Assets/Palettes/house-a.asset using Guid(1f854bbf67545524192f744fb482021e) Importer(815301076,1909f56bfc062723c751e8b465ee728b)  -> (artifact id: '183733678ec326b3b1661920f5478060') in 0.011848 seconds 
========================================================================
Received Import Request.
  Time since last request: 6.765290 seconds.
  path: Assets/Palettes/house-a.png
  artifactKey: Guid(21abe1840c80aa74786496514b90c8fb) Importer(815301076,1909f56bfc062723c751e8b465ee728b)
Start importing Assets/Palettes/house-a.png using Guid(21abe1840c80aa74786496514b90c8fb) Importer(815301076,1909f56bfc062723c751e8b465ee728b)  -> (artifact id: '84182f5dc9479555da08b2e244eb16f1') in 0.013633 seconds 
========================================================================
Received Import Request.
  Time since last request: 0.000013 seconds.
  path: Assets/Palettes/house-a.asset
  artifactKey: Guid(1f854bbf67545524192f744fb482021e) Importer(815301076,1909f56bfc062723c751e8b465ee728b)
Start importing Assets/Palettes/house-a.asset using Guid(1f854bbf67545524192f744fb482021e) Importer(815301076,1909f56bfc062723c751e8b465ee728b)  -> (artifact id: '08bb47e1f6d47fb706c53dec8c73d67d') in 0.033483 seconds 
========================================================================
Received Import Request.
  Time since last request: 9.614703 seconds.
  path: Assets/Palettes/house-a.png
  artifactKey: Guid(21abe1840c80aa74786496514b90c8fb) Importer(815301076,1909f56bfc062723c751e8b465ee728b)
Start importing Assets/Palettes/house-a.png using Guid(21abe1840c80aa74786496514b90c8fb) Importer(815301076,1909f56bfc062723c751e8b465ee728b)  -> (artifact id: '8a212eae020482bfd8d444ac84e6af90') in 0.014705 seconds 
========================================================================
Received Import Request.
  Time since last request: 0.000013 seconds.
  path: Assets/Palettes/house-a.asset
  artifactKey: Guid(1f854bbf67545524192f744fb482021e) Importer(815301076,1909f56bfc062723c751e8b465ee728b)
Start importing Assets/Palettes/house-a.asset using Guid(1f854bbf67545524192f744fb482021e) Importer(815301076,1909f56bfc062723c751e8b465ee728b)  -> (artifact id: 'e9bed75e17475382f3a9a08524b98f48') in 0.031542 seconds 
========================================================================
Received Import Request.
  Time since last request: 10.007380 seconds.
  path: Assets/Palettes/house-b.png
  artifactKey: Guid(e28f61b3bae7a614894709a61883f034) Importer(815301076,1909f56bfc062723c751e8b465ee728b)
Start importing Assets/Palettes/house-b.png using Guid(e28f61b3bae7a614894709a61883f034) Importer(815301076,1909f56bfc062723c751e8b465ee728b)  -> (artifact id: 'e72673db441bdbd9e85791b2b0515845') in 0.012727 seconds 
========================================================================
Received Import Request.
  Time since last request: 0.027949 seconds.
  path: Assets/Palettes/Ground.prefab
  artifactKey: Guid(41003fde087cc634dbf33328ddff0441) Importer(815301076,1909f56bfc062723c751e8b465ee728b)
Start importing Assets/Palettes/Ground.prefab using Guid(41003fde087cc634dbf33328ddff0441) Importer(815301076,1909f56bfc062723c751e8b465ee728b)  -> (artifact id: '8f10dc45d68686c2a5349d66f89d4216') in 0.026078 seconds 
========================================================================
Received Import Request.
  Time since last request: 4.442734 seconds.
  path: Assets/Palettes/house-c.png
  artifactKey: Guid(aa70b9626c8895742afb8f4cfb1c5e8a) Importer(815301076,1909f56bfc062723c751e8b465ee728b)
Start importing Assets/Palettes/house-c.png using Guid(aa70b9626c8895742afb8f4cfb1c5e8a) Importer(815301076,1909f56bfc062723c751e8b465ee728b)  -> (artifact id: '23ba6aaeccbe406dbc2954d26438b775') in 0.014224 seconds 
========================================================================
Received Import Request.
  Time since last request: 0.025846 seconds.
  path: Assets/Palettes/Ground.prefab
  artifactKey: Guid(41003fde087cc634dbf33328ddff0441) Importer(815301076,1909f56bfc062723c751e8b465ee728b)
Start importing Assets/Palettes/Ground.prefab using Guid(41003fde087cc634dbf33328ddff0441) Importer(815301076,1909f56bfc062723c751e8b465ee728b)  -> (artifact id: '24966a1b3abf9aa74b8bf8e81117bc92') in 0.021711 seconds 
========================================================================
Received Import Request.
  Time since last request: 73.916799 seconds.
  path: Assets/Scenes/StartScene.unity
  artifactKey: Guid(38550ab1f8064f04b801dd280d335b21) Importer(815301076,1909f56bfc062723c751e8b465ee728b)
Start importing Assets/Scenes/StartScene.unity using Guid(38550ab1f8064f04b801dd280d335b21) Importer(815301076,1909f56bfc062723c751e8b465ee728b)  -> (artifact id: 'a29dbd2599e29d4fd9135455a4ae0cff') in 0.001804 seconds 
========================================================================
Received Import Request.
  Time since last request: 150.462002 seconds.
  path: Assets/Palettes/house-b.png
  artifactKey: Guid(e28f61b3bae7a614894709a61883f034) Importer(815301076,1909f56bfc062723c751e8b465ee728b)
Start importing Assets/Palettes/house-b.png using Guid(e28f61b3bae7a614894709a61883f034) Importer(815301076,1909f56bfc062723c751e8b465ee728b)  -> (artifact id: 'f08809669c36422f18085d46db3bde91') in 0.017316 seconds 
========================================================================
Received Import Request.
  Time since last request: 0.000014 seconds.
  path: Assets/Palettes/house-b.asset
  artifactKey: Guid(51fca65279595334e85f69bd0b5fe598) Importer(815301076,1909f56bfc062723c751e8b465ee728b)
Start importing Assets/Palettes/house-b.asset using Guid(51fca65279595334e85f69bd0b5fe598) Importer(815301076,1909f56bfc062723c751e8b465ee728b)  -> (artifact id: 'beb2ec5d73e379005c3ce56929c883c7') in 0.012797 seconds 
========================================================================
Received Import Request.
  Time since last request: 16.301406 seconds.
  path: Assets/Palettes/house-b.png
  artifactKey: Guid(e28f61b3bae7a614894709a61883f034) Importer(815301076,1909f56bfc062723c751e8b465ee728b)
Start importing Assets/Palettes/house-b.png using Guid(e28f61b3bae7a614894709a61883f034) Importer(815301076,1909f56bfc062723c751e8b465ee728b)  -> (artifact id: 'cfaa9d3ffea8a2920cafe687103b6065') in 0.012823 seconds 
========================================================================
Received Import Request.
  Time since last request: 0.000014 seconds.
  path: Assets/Palettes/house-b.asset
  artifactKey: Guid(51fca65279595334e85f69bd0b5fe598) Importer(815301076,1909f56bfc062723c751e8b465ee728b)
Start importing Assets/Palettes/house-b.asset using Guid(51fca65279595334e85f69bd0b5fe598) Importer(815301076,1909f56bfc062723c751e8b465ee728b)  -> (artifact id: '26fcff2a55f1f7351527ecafc9fe2bc3') in 0.011698 seconds 
========================================================================
Received Import Request.
  Time since last request: 6.640935 seconds.
  path: Assets/Palettes/house-b.png
  artifactKey: Guid(e28f61b3bae7a614894709a61883f034) Importer(815301076,1909f56bfc062723c751e8b465ee728b)
Start importing Assets/Palettes/house-b.png using Guid(e28f61b3bae7a614894709a61883f034) Importer(815301076,1909f56bfc062723c751e8b465ee728b)  -> (artifact id: 'b5204224e8b43b82848f67035a7f8e50') in 0.015419 seconds 
========================================================================
Received Import Request.
  Time since last request: 0.014870 seconds.
  path: Assets/Palettes/Ground.prefab
  artifactKey: Guid(41003fde087cc634dbf33328ddff0441) Importer(815301076,1909f56bfc062723c751e8b465ee728b)
Start importing Assets/Palettes/Ground.prefab using Guid(41003fde087cc634dbf33328ddff0441) Importer(815301076,1909f56bfc062723c751e8b465ee728b)  -> (artifact id: 'e0210b6ef89c579695287ba267a6d288') in 0.042294 seconds 
========================================================================
Received Import Request.
  Time since last request: 9.113428 seconds.
  path: Assets/Palettes/house-b.png
  artifactKey: Guid(e28f61b3bae7a614894709a61883f034) Importer(815301076,1909f56bfc062723c751e8b465ee728b)
Start importing Assets/Palettes/house-b.png using Guid(e28f61b3bae7a614894709a61883f034) Importer(815301076,1909f56bfc062723c751e8b465ee728b)  -> (artifact id: 'c4bb8cde192100a66d70632ea70060bd') in 0.017337 seconds 
========================================================================
Received Import Request.
  Time since last request: 0.000013 seconds.
  path: Assets/Palettes/house-b.asset
  artifactKey: Guid(51fca65279595334e85f69bd0b5fe598) Importer(815301076,1909f56bfc062723c751e8b465ee728b)
Start importing Assets/Palettes/house-b.asset using Guid(51fca65279595334e85f69bd0b5fe598) Importer(815301076,1909f56bfc062723c751e8b465ee728b)  -> (artifact id: 'c2c3eddf8f4ecfe27f8b83c168fde12d') in 0.020273 seconds 
========================================================================
Received Import Request.
  Time since last request: 18.088263 seconds.
  path: Assets/Palettes/Ground.prefab
  artifactKey: Guid(41003fde087cc634dbf33328ddff0441) Importer(815301076,1909f56bfc062723c751e8b465ee728b)
Start importing Assets/Palettes/Ground.prefab using Guid(41003fde087cc634dbf33328ddff0441) Importer(815301076,1909f56bfc062723c751e8b465ee728b)  -> (artifact id: '1d289ce20540a35a02aca1927194eb47') in 0.038900 seconds 
========================================================================
Received Import Request.
  Time since last request: 2.558607 seconds.
  path: Assets/Palettes/Ground.prefab
  artifactKey: Guid(41003fde087cc634dbf33328ddff0441) Importer(815301076,1909f56bfc062723c751e8b465ee728b)
Start importing Assets/Palettes/Ground.prefab using Guid(41003fde087cc634dbf33328ddff0441) Importer(815301076,1909f56bfc062723c751e8b465ee728b)  -> (artifact id: 'ac555a74a8ea8c79c703ff5008a13773') in 0.018178 seconds 
========================================================================
Received Import Request.
  Time since last request: 7.442198 seconds.
  path: Assets/Palettes/Ground.prefab
  artifactKey: Guid(41003fde087cc634dbf33328ddff0441) Importer(815301076,1909f56bfc062723c751e8b465ee728b)
Start importing Assets/Palettes/Ground.prefab using Guid(41003fde087cc634dbf33328ddff0441) Importer(815301076,1909f56bfc062723c751e8b465ee728b)  -> (artifact id: '7b09dffc778555c024cd770efa35df05') in 0.018526 seconds 
========================================================================
Received Import Request.
  Time since last request: 4.607219 seconds.
  path: Assets/Palettes/Ground.prefab
  artifactKey: Guid(41003fde087cc634dbf33328ddff0441) Importer(815301076,1909f56bfc062723c751e8b465ee728b)
Start importing Assets/Palettes/Ground.prefab using Guid(41003fde087cc634dbf33328ddff0441) Importer(815301076,1909f56bfc062723c751e8b465ee728b)  -> (artifact id: '69b5eeaac308c64f81fea1a3f74dc8b9') in 0.088736 seconds 
========================================================================
Received Import Request.
  Time since last request: 19.328093 seconds.
  path: Assets/Palettes/crate-stack.png
  artifactKey: Guid(a3570b7b14db6134aa70811ede024a52) Importer(815301076,1909f56bfc062723c751e8b465ee728b)
Start importing Assets/Palettes/crate-stack.png using Guid(a3570b7b14db6134aa70811ede024a52) Importer(815301076,1909f56bfc062723c751e8b465ee728b)  -> (artifact id: '3e0e46bcca3d55a05f1cccd0451fefcb') in 0.006270 seconds 
========================================================================
Received Import Request.
  Time since last request: 0.035829 seconds.
  path: Assets/Palettes/crate-stack.asset
  artifactKey: Guid(e6ab0f2187aff4a41945799f9081d135) Importer(815301076,1909f56bfc062723c751e8b465ee728b)
Start importing Assets/Palettes/crate-stack.asset using Guid(e6ab0f2187aff4a41945799f9081d135) Importer(815301076,1909f56bfc062723c751e8b465ee728b)  -> (artifact id: '243318e49fb928a367fc3fd8d219f480') in 0.017170 seconds 
========================================================================
Received Import Request.
  Time since last request: 11.328225 seconds.
  path: Assets/Palettes/crate-stack.png
  artifactKey: Guid(a3570b7b14db6134aa70811ede024a52) Importer(815301076,1909f56bfc062723c751e8b465ee728b)
Start importing Assets/Palettes/crate-stack.png using Guid(a3570b7b14db6134aa70811ede024a52) Importer(815301076,1909f56bfc062723c751e8b465ee728b)  -> (artifact id: '76ed21a50c4947ef495426b5f64d27d9') in 0.010079 seconds 
========================================================================
Received Import Request.
  Time since last request: 0.020553 seconds.
  path: Assets/Palettes/crate-stack.asset
  artifactKey: Guid(e6ab0f2187aff4a41945799f9081d135) Importer(815301076,1909f56bfc062723c751e8b465ee728b)
Start importing Assets/Palettes/crate-stack.asset using Guid(e6ab0f2187aff4a41945799f9081d135) Importer(815301076,1909f56bfc062723c751e8b465ee728b)  -> (artifact id: '9b594505c61f38f7d18c8668b56f67fb') in 0.037984 seconds 
========================================================================
Received Import Request.
  Time since last request: 5.256933 seconds.
  path: Assets/Palettes/crate-stack.png
  artifactKey: Guid(a3570b7b14db6134aa70811ede024a52) Importer(815301076,1909f56bfc062723c751e8b465ee728b)
Start importing Assets/Palettes/crate-stack.png using Guid(a3570b7b14db6134aa70811ede024a52) Importer(815301076,1909f56bfc062723c751e8b465ee728b)  -> (artifact id: '137351d15e34b39bc6ce3fa459a9e677') in 0.007764 seconds 
========================================================================
Received Import Request.
  Time since last request: 0.022367 seconds.
  path: Assets/Palettes/crate-stack.asset
  artifactKey: Guid(e6ab0f2187aff4a41945799f9081d135) Importer(815301076,1909f56bfc062723c751e8b465ee728b)
Start importing Assets/Palettes/crate-stack.asset using Guid(e6ab0f2187aff4a41945799f9081d135) Importer(815301076,1909f56bfc062723c751e8b465ee728b)  -> (artifact id: 'cb04accb7fe0d976481aa31142568cff') in 0.021655 seconds 
========================================================================
Received Import Request.
  Time since last request: 24.812595 seconds.
  path: Assets/Palettes/crate.png
  artifactKey: Guid(c423ab47be3f98c4e99a5db4cbb5aad9) Importer(815301076,1909f56bfc062723c751e8b465ee728b)
Start importing Assets/Palettes/crate.png using Guid(c423ab47be3f98c4e99a5db4cbb5aad9) Importer(815301076,1909f56bfc062723c751e8b465ee728b)  -> (artifact id: 'a3afdb3f40a0fc1a550da7ba22194d4e') in 0.008530 seconds 
========================================================================
Received Import Request.
  Time since last request: 3.602132 seconds.
  path: Assets/Palettes/crate.asset
  artifactKey: Guid(a524390b8033d7342aea7622c6c3bcde) Importer(815301076,1909f56bfc062723c751e8b465ee728b)
Start importing Assets/Palettes/crate.asset using Guid(a524390b8033d7342aea7622c6c3bcde) Importer(815301076,1909f56bfc062723c751e8b465ee728b)  -> (artifact id: 'aea8cf42a22ab24e34bdcaaf5dfa2fec') in 0.010570 seconds 
========================================================================
Received Import Request.
  Time since last request: 8.830482 seconds.
  path: Assets/Palettes/crate.png
  artifactKey: Guid(c423ab47be3f98c4e99a5db4cbb5aad9) Importer(815301076,1909f56bfc062723c751e8b465ee728b)
Start importing Assets/Palettes/crate.png using Guid(c423ab47be3f98c4e99a5db4cbb5aad9) Importer(815301076,1909f56bfc062723c751e8b465ee728b)  -> (artifact id: '9f187d6e476f10b377a5a65b25f465a7') in 0.004943 seconds 
========================================================================
Received Import Request.
  Time since last request: 0.005700 seconds.
  path: Assets/Palettes/crate.asset
  artifactKey: Guid(a524390b8033d7342aea7622c6c3bcde) Importer(815301076,1909f56bfc062723c751e8b465ee728b)
Start importing Assets/Palettes/crate.asset using Guid(a524390b8033d7342aea7622c6c3bcde) Importer(815301076,1909f56bfc062723c751e8b465ee728b)  -> (artifact id: '1959c6ec81aabcf08c36daac1099d6b1') in 0.003796 seconds 
========================================================================
Received Import Request.
  Time since last request: 120.549043 seconds.
  path: Assets/Scenes/StartScene.unity
  artifactKey: Guid(38550ab1f8064f04b801dd280d335b21) Importer(815301076,1909f56bfc062723c751e8b465ee728b)
Start importing Assets/Scenes/StartScene.unity using Guid(38550ab1f8064f04b801dd280d335b21) Importer(815301076,1909f56bfc062723c751e8b465ee728b)  -> (artifact id: '4653e6264e9a3d3b453a72b0d3f07031') in 0.007777 seconds 
